===========================================================================
         ________    _________   _______       __     _________            
        |        |\ |        |\ |       \\    |  |\  /         \\          
        |    ____|| |    ____|| |    __  ||   |__|| |    ___    ||         
        |   |\___\| |   |\___\| |   |\_| ||    \_\| |   //  \   ||         
        |   ||__    |   ||__    |   ||_| ||   |  |\ |  ||    |  ||         
        |       |\  |       |\  |         \\  |  || |  ||    |  ||         
        |    ___||  |    ___||  |    ___   || |  || |  ||    |  ||         
        |   |\__\|  |   |\__\|  |   |\__|  || |  || |  ||    |  ||         
        |   ||      |   ||___   |   ||__|  || |  || |   \\__/   ||         
        |   ||      |        |\ |          || |  || |           ||         
        |___||      |________|| |_________//  |__||  \_________//          
                                                                           
      F I N I T E   E L E M E N T S   F O R   B I O M E C H A N I C S      
                                                                           
  version 3.1.0
  FEBio is a registered trademark.                                         
  copyright (c) 2006-2020 - All rights reserved                            
                                                                           
===========================================================================


Setting parameter "scale" to : 0
Setting parameter "scale" to : 0
Setting parameter "scale" to : 0
Setting parameter "scale" to : 0
Setting parameter "scale" to : 0
Setting parameter "scale" to : 0
Setting parameter "scale" to : 0
Setting parameter "scale" to : 0
Setting parameter "scale" to : 0
Setting parameter "scale" to : 0
Setting parameter "scale" to : 0
Setting parameter "scale" to : 0
Setting parameter "scale" to : 0
Setting parameter "scale" to : 0
Setting parameter "scale" to : 0
Setting parameter "scale" to : 0
Setting parameter "scale" to : 0
Setting parameter "scale" to : 0
Setting parameter "scale" to : 0
Setting parameter "scale" to : 0
Setting parameter "scale" to : 0
Setting parameter "scale" to : 0
Setting parameter "scale" to : 0
Setting parameter "scale" to : 0
Setting parameter "scale" to : 0
Setting parameter "scale" to : 0
Setting parameter "scale" to : 0
Setting parameter "scale" to : 0
Setting parameter "scale" to : 0
Setting parameter "scale" to : 0
Setting parameter "scale" to : 0
Setting parameter "scale" to : 0
Setting parameter "scale" to : 0
Setting parameter "scale" to : 0
Setting parameter "scale" to : 0
Setting parameter "scale" to : 0
Setting parameter "scale" to : 0
Setting parameter "scale" to : 0
Setting parameter "scale" to : 0
Setting parameter "scale" to : 0
Setting parameter "scale" to : 0
Setting parameter "scale" to : 0
Setting parameter "scale" to : 0
Setting parameter "scale" to : 0
Setting parameter "scale" to : 0
Setting parameter "scale" to : 0
Setting parameter "scale" to : 0
Setting parameter "scale" to : 0
Setting parameter "scale" to : 0
Setting parameter "scale" to : 0
Setting parameter "scale" to : 0
Setting parameter "scale" to : 0
Setting parameter "scale" to : 0
Setting parameter "scale" to : 0
Setting parameter "scale" to : 0
Setting parameter "scale" to : 0
Setting parameter "scale" to : 0
Setting parameter "scale" to : 0
Setting parameter "scale" to : 0
Setting parameter "scale" to : 0
Setting parameter "scale" to : 0
Setting parameter "scale" to : 0
Setting parameter "scale" to : 0
Setting parameter "scale" to : 0



 FILES USED
===========================================================================
	Input file : t115_ctrl_tram_01_28_v2_redo_hmf.feb
	Plot file  : t115_ctrl_tram_01_28_v2_redo_hmf.xplt
	Log file   : t115_ctrl_tram_01_28_v2_redo_hmf.log


 MESH INFO
===========================================================================
	Number of materials ............................ : 1
	Number of domains .............................. : 1
	Number of nodes ................................ : 836
	Number of solid elements ....................... : 576


 CONTROL DATA
===========================================================================
	Module type .................................... : solid
	Analysis type .................................. : quasi-static
	Number of timesteps ............................ : 10
	Time step size ................................. : 0.1
	Auto time stepper activated .................... : yes
	  Optimal nr of iterations ..................... : 10
	  Minimum allowable step size .................. : 0.01
	  Maximum allowable step size .................. : 0.1
	Number of load controllers ..................... : 64


 SOLVER PARAMETERS
===========================================================================
	symmetric_stiffness ............................... : 1
	equation_scheme ................................... : 0
	equation_order .................................... : 0
	optimize_bw ....................................... : 0
	lstol ............................................. : 0.9
	lsmin ............................................. : 0.01
	lsiter ............................................ : 5
	max_refs .......................................... : 15
	check_zero_diagonal ............................... : false
	zero_diagonal_tol ................................. : 0
	force_partition ................................... : 0
	reform_each_time_step ............................. : true
	reform_augment .................................... : false
	diverge_reform .................................... : true
	do_reforms ........................................ : true
	etol .............................................. : 0.01
	rtol .............................................. : 0
	min_residual ...................................... : 1e-20
	max_residual ...................................... : 0
	qnmethod .......................................... : 0
	max_ups ........................................... : 10
	qn_max_buffer_size ................................ : 0
	qn_cycle_buffer ................................... : true
	cmax .............................................. : 100000
	dtol .............................................. : 0.001
	rhoi .............................................. : 0
	alpha ............................................. : 1
	beta .............................................. : 0.25
	gamma ............................................. : 0.5
	logSolve .......................................... : false
	arc_length ........................................ : 0
	arc_length_scale .................................. : 0


 OUTPUT DATA
===========================================================================
	plot level ................................ : major iterations
	plotfile format ........................... : FEBIO
		Nodal Variables:
			displacement         (type = vec3f, format = NODE)
		Domain Variables:
			relative volume      (type = float, format = ITEM)
			stress               (type = mat3fs, format = ITEM)


 MATERIAL DATA
===========================================================================
  1 - Material1 (type: neo-Hookean)
	mat_axis .......................................... : (can't display value)
	density ........................................... : 1
	secant ............................................ : false
	E ................................................. : 10
	v ................................................. : 0.3


 BOUNDARY CONDITION DATA
===========================================================================
  1 -  Type: prescribe
	relative .......................................... : false
	scale ............................................. : -46.7485
	dof ............................................... : 0
---------------------------------------------------------------------------
  2 -  Type: prescribe
	relative .......................................... : false
	scale ............................................. : 121.496
	dof ............................................... : 1
---------------------------------------------------------------------------
  3 -  Type: prescribe
	relative .......................................... : false
	scale ............................................. : -15.948
	dof ............................................... : 0
---------------------------------------------------------------------------
  4 -  Type: prescribe
	relative .......................................... : false
	scale ............................................. : 117.095
	dof ............................................... : 1
---------------------------------------------------------------------------
  5 -  Type: prescribe
	relative .......................................... : false
	scale ............................................. : 51.619
	dof ............................................... : 0
---------------------------------------------------------------------------
  6 -  Type: prescribe
	relative .......................................... : false
	scale ............................................. : 109.955
	dof ............................................... : 1
---------------------------------------------------------------------------
  7 -  Type: prescribe
	relative .......................................... : false
	scale ............................................. : 119.573
	dof ............................................... : 0
---------------------------------------------------------------------------
  8 -  Type: prescribe
	relative .......................................... : false
	scale ............................................. : 98.6401
	dof ............................................... : 1
---------------------------------------------------------------------------
  9 -  Type: prescribe
	relative .......................................... : false
	scale ............................................. : 149.293
	dof ............................................... : 0
---------------------------------------------------------------------------
 10 -  Type: prescribe
	relative .......................................... : false
	scale ............................................. : 84.5256
	dof ............................................... : 1
---------------------------------------------------------------------------
 11 -  Type: prescribe
	relative .......................................... : false
	scale ............................................. : 154.611
	dof ............................................... : 0
---------------------------------------------------------------------------
 12 -  Type: prescribe
	relative .......................................... : false
	scale ............................................. : 63.1483
	dof ............................................... : 1
---------------------------------------------------------------------------
 13 -  Type: prescribe
	relative .......................................... : false
	scale ............................................. : 152.783
	dof ............................................... : 0
---------------------------------------------------------------------------
 14 -  Type: prescribe
	relative .......................................... : false
	scale ............................................. : 31.1097
	dof ............................................... : 1
---------------------------------------------------------------------------
 15 -  Type: prescribe
	relative .......................................... : false
	scale ............................................. : 152.198
	dof ............................................... : 0
---------------------------------------------------------------------------
 16 -  Type: prescribe
	relative .......................................... : false
	scale ............................................. : -8.70915
	dof ............................................... : 1
---------------------------------------------------------------------------
 17 -  Type: prescribe
	relative .......................................... : false
	scale ............................................. : 152.49
	dof ............................................... : 0
---------------------------------------------------------------------------
 18 -  Type: prescribe
	relative .......................................... : false
	scale ............................................. : -42.8152
	dof ............................................... : 1
---------------------------------------------------------------------------
 19 -  Type: prescribe
	relative .......................................... : false
	scale ............................................. : 145.167
	dof ............................................... : 0
---------------------------------------------------------------------------
 20 -  Type: prescribe
	relative .......................................... : false
	scale ............................................. : -62.4835
	dof ............................................... : 1
---------------------------------------------------------------------------
 21 -  Type: prescribe
	relative .......................................... : false
	scale ............................................. : 123.685
	dof ............................................... : 0
---------------------------------------------------------------------------
 22 -  Type: prescribe
	relative .......................................... : false
	scale ............................................. : -75.9246
	dof ............................................... : 1
---------------------------------------------------------------------------
 23 -  Type: prescribe
	relative .......................................... : false
	scale ............................................. : 97.4428
	dof ............................................... : 0
---------------------------------------------------------------------------
 24 -  Type: prescribe
	relative .......................................... : false
	scale ............................................. : -92.8045
	dof ............................................... : 1
---------------------------------------------------------------------------
 25 -  Type: prescribe
	relative .......................................... : false
	scale ............................................. : 87.9975
	dof ............................................... : 0
---------------------------------------------------------------------------
 26 -  Type: prescribe
	relative .......................................... : false
	scale ............................................. : -116.037
	dof ............................................... : 1
---------------------------------------------------------------------------
 27 -  Type: prescribe
	relative .......................................... : false
	scale ............................................. : 106.919
	dof ............................................... : 0
---------------------------------------------------------------------------
 28 -  Type: prescribe
	relative .......................................... : false
	scale ............................................. : -137.405
	dof ............................................... : 1
---------------------------------------------------------------------------
 29 -  Type: prescribe
	relative .......................................... : false
	scale ............................................. : 135.869
	dof ............................................... : 0
---------------------------------------------------------------------------
 30 -  Type: prescribe
	relative .......................................... : false
	scale ............................................. : -143.537
	dof ............................................... : 1
---------------------------------------------------------------------------
 31 -  Type: prescribe
	relative .......................................... : false
	scale ............................................. : 132.276
	dof ............................................... : 0
---------------------------------------------------------------------------
 32 -  Type: prescribe
	relative .......................................... : false
	scale ............................................. : -138.267
	dof ............................................... : 1
---------------------------------------------------------------------------
 33 -  Type: prescribe
	relative .......................................... : false
	scale ............................................. : 74.5198
	dof ............................................... : 0
---------------------------------------------------------------------------
 34 -  Type: prescribe
	relative .......................................... : false
	scale ............................................. : -139.656
	dof ............................................... : 1
---------------------------------------------------------------------------
 35 -  Type: prescribe
	relative .......................................... : false
	scale ............................................. : -7.01015
	dof ............................................... : 0
---------------------------------------------------------------------------
 36 -  Type: prescribe
	relative .......................................... : false
	scale ............................................. : -145.938
	dof ............................................... : 1
---------------------------------------------------------------------------
 37 -  Type: prescribe
	relative .......................................... : false
	scale ............................................. : -61.9207
	dof ............................................... : 0
---------------------------------------------------------------------------
 38 -  Type: prescribe
	relative .......................................... : false
	scale ............................................. : -145.79
	dof ............................................... : 1
---------------------------------------------------------------------------
 39 -  Type: prescribe
	relative .......................................... : false
	scale ............................................. : -84.3857
	dof ............................................... : 0
---------------------------------------------------------------------------
 40 -  Type: prescribe
	relative .......................................... : false
	scale ............................................. : -139.809
	dof ............................................... : 1
---------------------------------------------------------------------------
 41 -  Type: prescribe
	relative .......................................... : false
	scale ............................................. : -93.6535
	dof ............................................... : 0
---------------------------------------------------------------------------
 42 -  Type: prescribe
	relative .......................................... : false
	scale ............................................. : -130.244
	dof ............................................... : 1
---------------------------------------------------------------------------
 43 -  Type: prescribe
	relative .......................................... : false
	scale ............................................. : -100.511
	dof ............................................... : 0
---------------------------------------------------------------------------
 44 -  Type: prescribe
	relative .......................................... : false
	scale ............................................. : -115.468
	dof ............................................... : 1
---------------------------------------------------------------------------
 45 -  Type: prescribe
	relative .......................................... : false
	scale ............................................. : -110.255
	dof ............................................... : 0
---------------------------------------------------------------------------
 46 -  Type: prescribe
	relative .......................................... : false
	scale ............................................. : -92.6719
	dof ............................................... : 1
---------------------------------------------------------------------------
 47 -  Type: prescribe
	relative .......................................... : false
	scale ............................................. : -125.26
	dof ............................................... : 0
---------------------------------------------------------------------------
 48 -  Type: prescribe
	relative .......................................... : false
	scale ............................................. : -58.1582
	dof ............................................... : 1
---------------------------------------------------------------------------
 49 -  Type: prescribe
	relative .......................................... : false
	scale ............................................. : -140.438
	dof ............................................... : 0
---------------------------------------------------------------------------
 50 -  Type: prescribe
	relative .......................................... : false
	scale ............................................. : -17.2877
	dof ............................................... : 1
---------------------------------------------------------------------------
 51 -  Type: prescribe
	relative .......................................... : false
	scale ............................................. : -135.531
	dof ............................................... : 0
---------------------------------------------------------------------------
 52 -  Type: prescribe
	relative .......................................... : false
	scale ............................................. : 16.8245
	dof ............................................... : 1
---------------------------------------------------------------------------
 53 -  Type: prescribe
	relative .......................................... : false
	scale ............................................. : -116.933
	dof ............................................... : 0
---------------------------------------------------------------------------
 54 -  Type: prescribe
	relative .......................................... : false
	scale ............................................. : 46.3394
	dof ............................................... : 1
---------------------------------------------------------------------------
 55 -  Type: prescribe
	relative .......................................... : false
	scale ............................................. : -90.605
	dof ............................................... : 0
---------------------------------------------------------------------------
 56 -  Type: prescribe
	relative .......................................... : false
	scale ............................................. : 77.1132
	dof ............................................... : 1
---------------------------------------------------------------------------
 57 -  Type: prescribe
	relative .......................................... : false
	scale ............................................. : -66.1665
	dof ............................................... : 0
---------------------------------------------------------------------------
 58 -  Type: prescribe
	relative .......................................... : false
	scale ............................................. : 98.7922
	dof ............................................... : 1
---------------------------------------------------------------------------
 59 -  Type: prescribe
	relative .......................................... : false
	scale ............................................. : -54.9104
	dof ............................................... : 0
---------------------------------------------------------------------------
 60 -  Type: prescribe
	relative .......................................... : false
	scale ............................................. : 111.875
	dof ............................................... : 1
---------------------------------------------------------------------------
 61 -  Type: prescribe
	relative .......................................... : false
	scale ............................................. : -52.02
	dof ............................................... : 0
---------------------------------------------------------------------------
 62 -  Type: prescribe
	relative .......................................... : false
	scale ............................................. : 119.836
	dof ............................................... : 1
---------------------------------------------------------------------------
 63 -  Type: prescribe
	relative .......................................... : false
	scale ............................................. : -52.0882
	dof ............................................... : 0
---------------------------------------------------------------------------
 64 -  Type: prescribe
	relative .......................................... : false
	scale ............................................. : 123.37
	dof ............................................... : 1


 LINEAR SOLVER DATA
===========================================================================
	Solver type ....................................... : pardiso
	Matrix format ..................................... : symmetric


===== beginning time step 1 : 0.1 =====

Setting parameter "scale" to : 0.1
Setting parameter "scale" to : 0.1
Setting parameter "scale" to : 0.1
Setting parameter "scale" to : 0.1
Setting parameter "scale" to : 0.1
Setting parameter "scale" to : 0.1
Setting parameter "scale" to : 0.1
Setting parameter "scale" to : 0.1
Setting parameter "scale" to : 0.1
Setting parameter "scale" to : 0.1
Setting parameter "scale" to : 0.1
Setting parameter "scale" to : 0.1
Setting parameter "scale" to : 0.1
Setting parameter "scale" to : 0.1
Setting parameter "scale" to : 0.1
Setting parameter "scale" to : 0.1
Setting parameter "scale" to : 0.1
Setting parameter "scale" to : 0.1
Setting parameter "scale" to : 0.1
Setting parameter "scale" to : 0.1
Setting parameter "scale" to : 0.1
Setting parameter "scale" to : 0.1
Setting parameter "scale" to : 0.1
Setting parameter "scale" to : 0.1
Setting parameter "scale" to : 0.1
Setting parameter "scale" to : 0.1
Setting parameter "scale" to : 0.1
Setting parameter "scale" to : 0.1
Setting parameter "scale" to : 0.1
Setting parameter "scale" to : 0.1
Setting parameter "scale" to : 0.1
Setting parameter "scale" to : 0.1
Setting parameter "scale" to : 0.1
Setting parameter "scale" to : 0.1
Setting parameter "scale" to : 0.1
Setting parameter "scale" to : 0.1
Setting parameter "scale" to : 0.1
Setting parameter "scale" to : 0.1
Setting parameter "scale" to : 0.1
Setting parameter "scale" to : 0.1
Setting parameter "scale" to : 0.1
Setting parameter "scale" to : 0.1
Setting parameter "scale" to : 0.1
Setting parameter "scale" to : 0.1
Setting parameter "scale" to : 0.1
Setting parameter "scale" to : 0.1
Setting parameter "scale" to : 0.1
Setting parameter "scale" to : 0.1
Setting parameter "scale" to : 0.1
Setting parameter "scale" to : 0.1
Setting parameter "scale" to : 0.1
Setting parameter "scale" to : 0.1
Setting parameter "scale" to : 0.1
Setting parameter "scale" to : 0.1
Setting parameter "scale" to : 0.1
Setting parameter "scale" to : 0.1
Setting parameter "scale" to : 0.1
Setting parameter "scale" to : 0.1
Setting parameter "scale" to : 0.1
Setting parameter "scale" to : 0.1
Setting parameter "scale" to : 0.1
Setting parameter "scale" to : 0.1
Setting parameter "scale" to : 0.1
Setting parameter "scale" to : 0.1

Reforming stiffness matrix: reformation #1

===== reforming stiffness matrix:
	Nr of equations ........................... : 2508
	Nr of nonzeroes in stiffness matrix ....... : 81219
 1
 Nonlinear solution status: time= 0.1
	stiffness updates             = 0
	right hand side evaluations   = 2
	stiffness matrix reformations = 1
	step from line search         = 1.000000
	convergence norms :     INITIAL         CURRENT         REQUIRED
	   residual            1.366631e+09    1.375867e+05    0.000000e+00 
	   energy              4.518686e+06    8.117360e+03    4.518686e+04 
	   displacement        6.822285e+04    6.822285e+04    6.822285e-02 
 2
 Nonlinear solution status: time= 0.1
	stiffness updates             = 1
	right hand side evaluations   = 3
	stiffness matrix reformations = 1
	step from line search         = 1.000000
	convergence norms :     INITIAL         CURRENT         REQUIRED
	   residual            1.366631e+09    3.655030e+02    0.000000e+00 
	   energy              4.518686e+06    2.437903e+00    4.518686e+04 
	   displacement        6.822285e+04    7.886790e+00    6.823887e-02 
 3
 Nonlinear solution status: time= 0.1
	stiffness updates             = 2
	right hand side evaluations   = 4
	stiffness matrix reformations = 1
	step from line search         = 1.000000
	convergence norms :     INITIAL         CURRENT         REQUIRED
	   residual            1.366631e+09    2.097872e+00    0.000000e+00 
	   energy              4.518686e+06    1.161456e-01    4.518686e+04 
	   displacement        6.822285e+04    9.494700e-02    6.822861e-02 
 4
 Nonlinear solution status: time= 0.1
	stiffness updates             = 3
	right hand side evaluations   = 5
	stiffness matrix reformations = 1
	step from line search         = 1.000000
	convergence norms :     INITIAL         CURRENT         REQUIRED
	   residual            1.366631e+09    3.495032e-03    0.000000e+00 
	   energy              4.518686e+06    1.877674e-04    4.518686e+04 
	   displacement        6.822285e+04    3.391248e-04    6.822442e-02 

convergence summary
    number of iterations   : 4
    number of reformations : 1

------- converged at time : 0.1


Data Record #1
===========================================================================
Step = 1
Time = 0.1
Data = x;y;z

Data Record #2
===========================================================================
Step = 1
Time = 0.1
Data = ux;uy;uz

Data Record #3
===========================================================================
Step = 1
Time = 0.1
Data = E1

===== beginning time step 2 : 0.2 =====

Setting parameter "scale" to : 0.2
Setting parameter "scale" to : 0.2
Setting parameter "scale" to : 0.2
Setting parameter "scale" to : 0.2
Setting parameter "scale" to : 0.2
Setting parameter "scale" to : 0.2
Setting parameter "scale" to : 0.2
Setting parameter "scale" to : 0.2
Setting parameter "scale" to : 0.2
Setting parameter "scale" to : 0.2
Setting parameter "scale" to : 0.2
Setting parameter "scale" to : 0.2
Setting parameter "scale" to : 0.2
Setting parameter "scale" to : 0.2
Setting parameter "scale" to : 0.2
Setting parameter "scale" to : 0.2
Setting parameter "scale" to : 0.2
Setting parameter "scale" to : 0.2
Setting parameter "scale" to : 0.2
Setting parameter "scale" to : 0.2
Setting parameter "scale" to : 0.2
Setting parameter "scale" to : 0.2
Setting parameter "scale" to : 0.2
Setting parameter "scale" to : 0.2
Setting parameter "scale" to : 0.2
Setting parameter "scale" to : 0.2
Setting parameter "scale" to : 0.2
Setting parameter "scale" to : 0.2
Setting parameter "scale" to : 0.2
Setting parameter "scale" to : 0.2
Setting parameter "scale" to : 0.2
Setting parameter "scale" to : 0.2
Setting parameter "scale" to : 0.2
Setting parameter "scale" to : 0.2
Setting parameter "scale" to : 0.2
Setting parameter "scale" to : 0.2
Setting parameter "scale" to : 0.2
Setting parameter "scale" to : 0.2
Setting parameter "scale" to : 0.2
Setting parameter "scale" to : 0.2
Setting parameter "scale" to : 0.2
Setting parameter "scale" to : 0.2
Setting parameter "scale" to : 0.2
Setting parameter "scale" to : 0.2
Setting parameter "scale" to : 0.2
Setting parameter "scale" to : 0.2
Setting parameter "scale" to : 0.2
Setting parameter "scale" to : 0.2
Setting parameter "scale" to : 0.2
Setting parameter "scale" to : 0.2
Setting parameter "scale" to : 0.2
Setting parameter "scale" to : 0.2
Setting parameter "scale" to : 0.2
Setting parameter "scale" to : 0.2
Setting parameter "scale" to : 0.2
Setting parameter "scale" to : 0.2
Setting parameter "scale" to : 0.2
Setting parameter "scale" to : 0.2
Setting parameter "scale" to : 0.2
Setting parameter "scale" to : 0.2
Setting parameter "scale" to : 0.2
Setting parameter "scale" to : 0.2
Setting parameter "scale" to : 0.2
Setting parameter "scale" to : 0.2

Reforming stiffness matrix: reformation #1

 1
 Nonlinear solution status: time= 0.2
	stiffness updates             = 0
	right hand side evaluations   = 2
	stiffness matrix reformations = 1
	step from line search         = 1.000000
	convergence norms :     INITIAL         CURRENT         REQUIRED
	   residual            1.135203e+09    1.310117e+05    0.000000e+00 
	   energy              3.992728e+06    6.814035e+03    3.992728e+04 
	   displacement        6.822863e+04    6.822863e+04    6.822863e-02 
 2
 Nonlinear solution status: time= 0.2
	stiffness updates             = 1
	right hand side evaluations   = 3
	stiffness matrix reformations = 1
	step from line search         = 1.000000
	convergence norms :     INITIAL         CURRENT         REQUIRED
	   residual            1.135203e+09    3.678711e+02    0.000000e+00 
	   energy              3.992728e+06    2.057028e+00    3.992728e+04 
	   displacement        6.822863e+04    6.409150e+00    6.826027e-02 
 3
 Nonlinear solution status: time= 0.2
	stiffness updates             = 2
	right hand side evaluations   = 4
	stiffness matrix reformations = 1
	step from line search         = 1.000000
	convergence norms :     INITIAL         CURRENT         REQUIRED
	   residual            1.135203e+09    1.131014e+00    0.000000e+00 
	   energy              3.992728e+06    6.499985e-02    3.992728e+04 
	   displacement        6.822863e+04    6.050281e-02    6.825109e-02 

convergence summary
    number of iterations   : 3
    number of reformations : 1

------- converged at time : 0.2


Data Record #1
===========================================================================
Step = 2
Time = 0.2
Data = x;y;z

Data Record #2
===========================================================================
Step = 2
Time = 0.2
Data = ux;uy;uz

Data Record #3
===========================================================================
Step = 2
Time = 0.2
Data = E1

===== beginning time step 3 : 0.3 =====

Setting parameter "scale" to : 0.3
Setting parameter "scale" to : 0.3
Setting parameter "scale" to : 0.3
Setting parameter "scale" to : 0.3
Setting parameter "scale" to : 0.3
Setting parameter "scale" to : 0.3
Setting parameter "scale" to : 0.3
Setting parameter "scale" to : 0.3
Setting parameter "scale" to : 0.3
Setting parameter "scale" to : 0.3
Setting parameter "scale" to : 0.3
Setting parameter "scale" to : 0.3
Setting parameter "scale" to : 0.3
Setting parameter "scale" to : 0.3
Setting parameter "scale" to : 0.3
Setting parameter "scale" to : 0.3
Setting parameter "scale" to : 0.3
Setting parameter "scale" to : 0.3
Setting parameter "scale" to : 0.3
Setting parameter "scale" to : 0.3
Setting parameter "scale" to : 0.3
Setting parameter "scale" to : 0.3
Setting parameter "scale" to : 0.3
Setting parameter "scale" to : 0.3
Setting parameter "scale" to : 0.3
Setting parameter "scale" to : 0.3
Setting parameter "scale" to : 0.3
Setting parameter "scale" to : 0.3
Setting parameter "scale" to : 0.3
Setting parameter "scale" to : 0.3
Setting parameter "scale" to : 0.3
Setting parameter "scale" to : 0.3
Setting parameter "scale" to : 0.3
Setting parameter "scale" to : 0.3
Setting parameter "scale" to : 0.3
Setting parameter "scale" to : 0.3
Setting parameter "scale" to : 0.3
Setting parameter "scale" to : 0.3
Setting parameter "scale" to : 0.3
Setting parameter "scale" to : 0.3
Setting parameter "scale" to : 0.3
Setting parameter "scale" to : 0.3
Setting parameter "scale" to : 0.3
Setting parameter "scale" to : 0.3
Setting parameter "scale" to : 0.3
Setting parameter "scale" to : 0.3
Setting parameter "scale" to : 0.3
Setting parameter "scale" to : 0.3
Setting parameter "scale" to : 0.3
Setting parameter "scale" to : 0.3
Setting parameter "scale" to : 0.3
Setting parameter "scale" to : 0.3
Setting parameter "scale" to : 0.3
Setting parameter "scale" to : 0.3
Setting parameter "scale" to : 0.3
Setting parameter "scale" to : 0.3
Setting parameter "scale" to : 0.3
Setting parameter "scale" to : 0.3
Setting parameter "scale" to : 0.3
Setting parameter "scale" to : 0.3
Setting parameter "scale" to : 0.3
Setting parameter "scale" to : 0.3
Setting parameter "scale" to : 0.3
Setting parameter "scale" to : 0.3

Reforming stiffness matrix: reformation #1

 1
 Nonlinear solution status: time= 0.3
	stiffness updates             = 0
	right hand side evaluations   = 2
	stiffness matrix reformations = 1
	step from line search         = 1.000000
	convergence norms :     INITIAL         CURRENT         REQUIRED
	   residual            9.809258e+08    1.295450e+05    0.000000e+00 
	   energy              3.587971e+06    5.962849e+03    3.587971e+04 
	   displacement        6.835513e+04    6.835513e+04    6.835513e-02 
 2
 Nonlinear solution status: time= 0.3
	stiffness updates             = 1
	right hand side evaluations   = 3
	stiffness matrix reformations = 1
	step from line search         = 1.000000
	convergence norms :     INITIAL         CURRENT         REQUIRED
	   residual            9.809258e+08    4.209642e+02    0.000000e+00 
	   energy              3.587971e+06    5.438059e+00    3.587971e+04 
	   displacement        6.835513e+04    4.942929e+00    6.839452e-02 
 3
 Nonlinear solution status: time= 0.3
	stiffness updates             = 2
	right hand side evaluations   = 4
	stiffness matrix reformations = 1
	step from line search         = 1.000000
	convergence norms :     INITIAL         CURRENT         REQUIRED
	   residual            9.809258e+08    7.403091e-01    0.000000e+00 
	   energy              3.587971e+06    3.715316e-02    3.587971e+04 
	   displacement        6.835513e+04    3.880800e-02    6.838751e-02 

convergence summary
    number of iterations   : 3
    number of reformations : 1

------- converged at time : 0.3


Data Record #1
===========================================================================
Step = 3
Time = 0.3
Data = x;y;z

Data Record #2
===========================================================================
Step = 3
Time = 0.3
Data = ux;uy;uz

Data Record #3
===========================================================================
Step = 3
Time = 0.3
Data = E1

===== beginning time step 4 : 0.4 =====

Setting parameter "scale" to : 0.4
Setting parameter "scale" to : 0.4
Setting parameter "scale" to : 0.4
Setting parameter "scale" to : 0.4
Setting parameter "scale" to : 0.4
Setting parameter "scale" to : 0.4
Setting parameter "scale" to : 0.4
Setting parameter "scale" to : 0.4
Setting parameter "scale" to : 0.4
Setting parameter "scale" to : 0.4
Setting parameter "scale" to : 0.4
Setting parameter "scale" to : 0.4
Setting parameter "scale" to : 0.4
Setting parameter "scale" to : 0.4
Setting parameter "scale" to : 0.4
Setting parameter "scale" to : 0.4
Setting parameter "scale" to : 0.4
Setting parameter "scale" to : 0.4
Setting parameter "scale" to : 0.4
Setting parameter "scale" to : 0.4
Setting parameter "scale" to : 0.4
Setting parameter "scale" to : 0.4
Setting parameter "scale" to : 0.4
Setting parameter "scale" to : 0.4
Setting parameter "scale" to : 0.4
Setting parameter "scale" to : 0.4
Setting parameter "scale" to : 0.4
Setting parameter "scale" to : 0.4
Setting parameter "scale" to : 0.4
Setting parameter "scale" to : 0.4
Setting parameter "scale" to : 0.4
Setting parameter "scale" to : 0.4
Setting parameter "scale" to : 0.4
Setting parameter "scale" to : 0.4
Setting parameter "scale" to : 0.4
Setting parameter "scale" to : 0.4
Setting parameter "scale" to : 0.4
Setting parameter "scale" to : 0.4
Setting parameter "scale" to : 0.4
Setting parameter "scale" to : 0.4
Setting parameter "scale" to : 0.4
Setting parameter "scale" to : 0.4
Setting parameter "scale" to : 0.4
Setting parameter "scale" to : 0.4
Setting parameter "scale" to : 0.4
Setting parameter "scale" to : 0.4
Setting parameter "scale" to : 0.4
Setting parameter "scale" to : 0.4
Setting parameter "scale" to : 0.4
Setting parameter "scale" to : 0.4
Setting parameter "scale" to : 0.4
Setting parameter "scale" to : 0.4
Setting parameter "scale" to : 0.4
Setting parameter "scale" to : 0.4
Setting parameter "scale" to : 0.4
Setting parameter "scale" to : 0.4
Setting parameter "scale" to : 0.4
Setting parameter "scale" to : 0.4
Setting parameter "scale" to : 0.4
Setting parameter "scale" to : 0.4
Setting parameter "scale" to : 0.4
Setting parameter "scale" to : 0.4
Setting parameter "scale" to : 0.4
Setting parameter "scale" to : 0.4

Reforming stiffness matrix: reformation #1

 1
 Nonlinear solution status: time= 0.4
	stiffness updates             = 0
	right hand side evaluations   = 2
	stiffness matrix reformations = 1
	step from line search         = 1.000000
	convergence norms :     INITIAL         CURRENT         REQUIRED
	   residual            8.755443e+08    1.316761e+05    0.000000e+00 
	   energy              3.271359e+06    5.377751e+03    3.271359e+04 
	   displacement        6.840428e+04    6.840428e+04    6.840428e-02 
 2
 Nonlinear solution status: time= 0.4
	stiffness updates             = 1
	right hand side evaluations   = 3
	stiffness matrix reformations = 1
	step from line search         = 1.000000
	convergence norms :     INITIAL         CURRENT         REQUIRED
	   residual            8.755443e+08    5.152874e+02    0.000000e+00 
	   energy              3.271359e+06    7.975723e+00    3.271359e+04 
	   displacement        6.840428e+04    3.510886e+00    6.845611e-02 
 3
 Nonlinear solution status: time= 0.4
	stiffness updates             = 2
	right hand side evaluations   = 4
	stiffness matrix reformations = 1
	step from line search         = 1.000000
	convergence norms :     INITIAL         CURRENT         REQUIRED
	   residual            8.755443e+08    5.888146e-01    0.000000e+00 
	   energy              3.271359e+06    2.084077e-02    3.271359e+04 
	   displacement        6.840428e+04    2.479154e-02    6.845013e-02 

convergence summary
    number of iterations   : 3
    number of reformations : 1

------- converged at time : 0.4


Data Record #1
===========================================================================
Step = 4
Time = 0.4
Data = x;y;z

Data Record #2
===========================================================================
Step = 4
Time = 0.4
Data = ux;uy;uz

Data Record #3
===========================================================================
Step = 4
Time = 0.4
Data = E1

===== beginning time step 5 : 0.5 =====

Setting parameter "scale" to : 0.5
Setting parameter "scale" to : 0.5
Setting parameter "scale" to : 0.5
Setting parameter "scale" to : 0.5
Setting parameter "scale" to : 0.5
Setting parameter "scale" to : 0.5
Setting parameter "scale" to : 0.5
Setting parameter "scale" to : 0.5
Setting parameter "scale" to : 0.5
Setting parameter "scale" to : 0.5
Setting parameter "scale" to : 0.5
Setting parameter "scale" to : 0.5
Setting parameter "scale" to : 0.5
Setting parameter "scale" to : 0.5
Setting parameter "scale" to : 0.5
Setting parameter "scale" to : 0.5
Setting parameter "scale" to : 0.5
Setting parameter "scale" to : 0.5
Setting parameter "scale" to : 0.5
Setting parameter "scale" to : 0.5
Setting parameter "scale" to : 0.5
Setting parameter "scale" to : 0.5
Setting parameter "scale" to : 0.5
Setting parameter "scale" to : 0.5
Setting parameter "scale" to : 0.5
Setting parameter "scale" to : 0.5
Setting parameter "scale" to : 0.5
Setting parameter "scale" to : 0.5
Setting parameter "scale" to : 0.5
Setting parameter "scale" to : 0.5
Setting parameter "scale" to : 0.5
Setting parameter "scale" to : 0.5
Setting parameter "scale" to : 0.5
Setting parameter "scale" to : 0.5
Setting parameter "scale" to : 0.5
Setting parameter "scale" to : 0.5
Setting parameter "scale" to : 0.5
Setting parameter "scale" to : 0.5
Setting parameter "scale" to : 0.5
Setting parameter "scale" to : 0.5
Setting parameter "scale" to : 0.5
Setting parameter "scale" to : 0.5
Setting parameter "scale" to : 0.5
Setting parameter "scale" to : 0.5
Setting parameter "scale" to : 0.5
Setting parameter "scale" to : 0.5
Setting parameter "scale" to : 0.5
Setting parameter "scale" to : 0.5
Setting parameter "scale" to : 0.5
Setting parameter "scale" to : 0.5
Setting parameter "scale" to : 0.5
Setting parameter "scale" to : 0.5
Setting parameter "scale" to : 0.5
Setting parameter "scale" to : 0.5
Setting parameter "scale" to : 0.5
Setting parameter "scale" to : 0.5
Setting parameter "scale" to : 0.5
Setting parameter "scale" to : 0.5
Setting parameter "scale" to : 0.5
Setting parameter "scale" to : 0.5
Setting parameter "scale" to : 0.5
Setting parameter "scale" to : 0.5
Setting parameter "scale" to : 0.5
Setting parameter "scale" to : 0.5

Reforming stiffness matrix: reformation #1

 1
 Nonlinear solution status: time= 0.5
	stiffness updates             = 0
	right hand side evaluations   = 2
	stiffness matrix reformations = 1
	step from line search         = 1.000000
	convergence norms :     INITIAL         CURRENT         REQUIRED
	   residual            8.026362e+08    1.366302e+05    0.000000e+00 
	   energy              3.020133e+06    4.964598e+03    3.020133e+04 
	   displacement        6.853043e+04    6.853043e+04    6.853043e-02 
 2
 Nonlinear solution status: time= 0.5
	stiffness updates             = 1
	right hand side evaluations   = 3
	stiffness matrix reformations = 1
	step from line search         = 1.000000
	convergence norms :     INITIAL         CURRENT         REQUIRED
	   residual            8.026362e+08    6.476066e+02    0.000000e+00 
	   energy              3.020133e+06    9.902477e+00    3.020133e+04 
	   displacement        6.853043e+04    2.528990e+00    6.858446e-02 
 3
 Nonlinear solution status: time= 0.5
	stiffness updates             = 2
	right hand side evaluations   = 4
	stiffness matrix reformations = 1
	step from line search         = 1.000000
	convergence norms :     INITIAL         CURRENT         REQUIRED
	   residual            8.026362e+08    5.583056e-01    0.000000e+00 
	   energy              3.020133e+06    1.087615e-02    3.020133e+04 
	   displacement        6.853043e+04    1.735034e-02    6.857944e-02 

convergence summary
    number of iterations   : 3
    number of reformations : 1

------- converged at time : 0.5


Data Record #1
===========================================================================
Step = 5
Time = 0.5
Data = x;y;z

Data Record #2
===========================================================================
Step = 5
Time = 0.5
Data = ux;uy;uz

Data Record #3
===========================================================================
Step = 5
Time = 0.5
Data = E1

===== beginning time step 6 : 0.6 =====

Setting parameter "scale" to : 0.6
Setting parameter "scale" to : 0.6
Setting parameter "scale" to : 0.6
Setting parameter "scale" to : 0.6
Setting parameter "scale" to : 0.6
Setting parameter "scale" to : 0.6
Setting parameter "scale" to : 0.6
Setting parameter "scale" to : 0.6
Setting parameter "scale" to : 0.6
Setting parameter "scale" to : 0.6
Setting parameter "scale" to : 0.6
Setting parameter "scale" to : 0.6
Setting parameter "scale" to : 0.6
Setting parameter "scale" to : 0.6
Setting parameter "scale" to : 0.6
Setting parameter "scale" to : 0.6
Setting parameter "scale" to : 0.6
Setting parameter "scale" to : 0.6
Setting parameter "scale" to : 0.6
Setting parameter "scale" to : 0.6
Setting parameter "scale" to : 0.6
Setting parameter "scale" to : 0.6
Setting parameter "scale" to : 0.6
Setting parameter "scale" to : 0.6
Setting parameter "scale" to : 0.6
Setting parameter "scale" to : 0.6
Setting parameter "scale" to : 0.6
Setting parameter "scale" to : 0.6
Setting parameter "scale" to : 0.6
Setting parameter "scale" to : 0.6
Setting parameter "scale" to : 0.6
Setting parameter "scale" to : 0.6
Setting parameter "scale" to : 0.6
Setting parameter "scale" to : 0.6
Setting parameter "scale" to : 0.6
Setting parameter "scale" to : 0.6
Setting parameter "scale" to : 0.6
Setting parameter "scale" to : 0.6
Setting parameter "scale" to : 0.6
Setting parameter "scale" to : 0.6
Setting parameter "scale" to : 0.6
Setting parameter "scale" to : 0.6
Setting parameter "scale" to : 0.6
Setting parameter "scale" to : 0.6
Setting parameter "scale" to : 0.6
Setting parameter "scale" to : 0.6
Setting parameter "scale" to : 0.6
Setting parameter "scale" to : 0.6
Setting parameter "scale" to : 0.6
Setting parameter "scale" to : 0.6
Setting parameter "scale" to : 0.6
Setting parameter "scale" to : 0.6
Setting parameter "scale" to : 0.6
Setting parameter "scale" to : 0.6
Setting parameter "scale" to : 0.6
Setting parameter "scale" to : 0.6
Setting parameter "scale" to : 0.6
Setting parameter "scale" to : 0.6
Setting parameter "scale" to : 0.6
Setting parameter "scale" to : 0.6
Setting parameter "scale" to : 0.6
Setting parameter "scale" to : 0.6
Setting parameter "scale" to : 0.6
Setting parameter "scale" to : 0.6

Reforming stiffness matrix: reformation #1

 1
 Nonlinear solution status: time= 0.6
	stiffness updates             = 0
	right hand side evaluations   = 2
	stiffness matrix reformations = 1
	step from line search         = 1.000000
	convergence norms :     INITIAL         CURRENT         REQUIRED
	   residual            7.521570e+08    1.438437e+05    0.000000e+00 
	   energy              2.818197e+06    4.659924e+03    2.818197e+04 
	   displacement        6.860500e+04    6.860500e+04    6.860500e-02 
 2
 Nonlinear solution status: time= 0.6
	stiffness updates             = 1
	right hand side evaluations   = 3
	stiffness matrix reformations = 1
	step from line search         = 1.000000
	convergence norms :     INITIAL         CURRENT         REQUIRED
	   residual            7.521570e+08    8.151128e+02    0.000000e+00 
	   energy              2.818197e+06    1.139757e+01    2.818197e+04 
	   displacement        6.860500e+04    1.750888e+00    6.866349e-02 
 3
 Nonlinear solution status: time= 0.6
	stiffness updates             = 2
	right hand side evaluations   = 4
	stiffness matrix reformations = 1
	step from line search         = 1.000000
	convergence norms :     INITIAL         CURRENT         REQUIRED
	   residual            7.521570e+08    5.985913e-01    0.000000e+00 
	   energy              2.818197e+06    4.662380e-03    2.818197e+04 
	   displacement        6.860500e+04    1.104216e-02    6.865678e-02 

convergence summary
    number of iterations   : 3
    number of reformations : 1

------- converged at time : 0.6


Data Record #1
===========================================================================
Step = 6
Time = 0.6
Data = x;y;z

Data Record #2
===========================================================================
Step = 6
Time = 0.6
Data = ux;uy;uz

Data Record #3
===========================================================================
Step = 6
Time = 0.6
Data = E1

===== beginning time step 7 : 0.7 =====

Setting parameter "scale" to : 0.7
Setting parameter "scale" to : 0.7
Setting parameter "scale" to : 0.7
Setting parameter "scale" to : 0.7
Setting parameter "scale" to : 0.7
Setting parameter "scale" to : 0.7
Setting parameter "scale" to : 0.7
Setting parameter "scale" to : 0.7
Setting parameter "scale" to : 0.7
Setting parameter "scale" to : 0.7
Setting parameter "scale" to : 0.7
Setting parameter "scale" to : 0.7
Setting parameter "scale" to : 0.7
Setting parameter "scale" to : 0.7
Setting parameter "scale" to : 0.7
Setting parameter "scale" to : 0.7
Setting parameter "scale" to : 0.7
Setting parameter "scale" to : 0.7
Setting parameter "scale" to : 0.7
Setting parameter "scale" to : 0.7
Setting parameter "scale" to : 0.7
Setting parameter "scale" to : 0.7
Setting parameter "scale" to : 0.7
Setting parameter "scale" to : 0.7
Setting parameter "scale" to : 0.7
Setting parameter "scale" to : 0.7
Setting parameter "scale" to : 0.7
Setting parameter "scale" to : 0.7
Setting parameter "scale" to : 0.7
Setting parameter "scale" to : 0.7
Setting parameter "scale" to : 0.7
Setting parameter "scale" to : 0.7
Setting parameter "scale" to : 0.7
Setting parameter "scale" to : 0.7
Setting parameter "scale" to : 0.7
Setting parameter "scale" to : 0.7
Setting parameter "scale" to : 0.7
Setting parameter "scale" to : 0.7
Setting parameter "scale" to : 0.7
Setting parameter "scale" to : 0.7
Setting parameter "scale" to : 0.7
Setting parameter "scale" to : 0.7
Setting parameter "scale" to : 0.7
Setting parameter "scale" to : 0.7
Setting parameter "scale" to : 0.7
Setting parameter "scale" to : 0.7
Setting parameter "scale" to : 0.7
Setting parameter "scale" to : 0.7
Setting parameter "scale" to : 0.7
Setting parameter "scale" to : 0.7
Setting parameter "scale" to : 0.7
Setting parameter "scale" to : 0.7
Setting parameter "scale" to : 0.7
Setting parameter "scale" to : 0.7
Setting parameter "scale" to : 0.7
Setting parameter "scale" to : 0.7
Setting parameter "scale" to : 0.7
Setting parameter "scale" to : 0.7
Setting parameter "scale" to : 0.7
Setting parameter "scale" to : 0.7
Setting parameter "scale" to : 0.7
Setting parameter "scale" to : 0.7
Setting parameter "scale" to : 0.7
Setting parameter "scale" to : 0.7

Reforming stiffness matrix: reformation #1

 1
 Nonlinear solution status: time= 0.7
	stiffness updates             = 0
	right hand side evaluations   = 2
	stiffness matrix reformations = 1
	step from line search         = 1.000000
	convergence norms :     INITIAL         CURRENT         REQUIRED
	   residual            7.177434e+08    1.528690e+05    0.000000e+00 
	   energy              2.653921e+06    4.423572e+03    2.653921e+04 
	   displacement        6.873097e+04    6.873097e+04    6.873097e-02 
 2
 Nonlinear solution status: time= 0.7
	stiffness updates             = 1
	right hand side evaluations   = 3
	stiffness matrix reformations = 1
	step from line search         = 1.000000
	convergence norms :     INITIAL         CURRENT         REQUIRED
	   residual            7.177434e+08    1.013348e+03    0.000000e+00 
	   energy              2.653921e+06    1.256361e+01    2.653921e+04 
	   displacement        6.873097e+04    1.115123e+00    6.879379e-02 
 3
 Nonlinear solution status: time= 0.7
	stiffness updates             = 2
	right hand side evaluations   = 4
	stiffness matrix reformations = 1
	step from line search         = 1.000000
	convergence norms :     INITIAL         CURRENT         REQUIRED
	   residual            7.177434e+08    6.829942e-01    0.000000e+00 
	   energy              2.653921e+06    8.227083e-04    2.653921e+04 
	   displacement        6.873097e+04    9.615474e-03    6.878827e-02 

convergence summary
    number of iterations   : 3
    number of reformations : 1

------- converged at time : 0.7


Data Record #1
===========================================================================
Step = 7
Time = 0.7
Data = x;y;z

Data Record #2
===========================================================================
Step = 7
Time = 0.7
Data = ux;uy;uz

Data Record #3
===========================================================================
Step = 7
Time = 0.7
Data = E1

===== beginning time step 8 : 0.8 =====

Setting parameter "scale" to : 0.8
Setting parameter "scale" to : 0.8
Setting parameter "scale" to : 0.8
Setting parameter "scale" to : 0.8
Setting parameter "scale" to : 0.8
Setting parameter "scale" to : 0.8
Setting parameter "scale" to : 0.8
Setting parameter "scale" to : 0.8
Setting parameter "scale" to : 0.8
Setting parameter "scale" to : 0.8
Setting parameter "scale" to : 0.8
Setting parameter "scale" to : 0.8
Setting parameter "scale" to : 0.8
Setting parameter "scale" to : 0.8
Setting parameter "scale" to : 0.8
Setting parameter "scale" to : 0.8
Setting parameter "scale" to : 0.8
Setting parameter "scale" to : 0.8
Setting parameter "scale" to : 0.8
Setting parameter "scale" to : 0.8
Setting parameter "scale" to : 0.8
Setting parameter "scale" to : 0.8
Setting parameter "scale" to : 0.8
Setting parameter "scale" to : 0.8
Setting parameter "scale" to : 0.8
Setting parameter "scale" to : 0.8
Setting parameter "scale" to : 0.8
Setting parameter "scale" to : 0.8
Setting parameter "scale" to : 0.8
Setting parameter "scale" to : 0.8
Setting parameter "scale" to : 0.8
Setting parameter "scale" to : 0.8
Setting parameter "scale" to : 0.8
Setting parameter "scale" to : 0.8
Setting parameter "scale" to : 0.8
Setting parameter "scale" to : 0.8
Setting parameter "scale" to : 0.8
Setting parameter "scale" to : 0.8
Setting parameter "scale" to : 0.8
Setting parameter "scale" to : 0.8
Setting parameter "scale" to : 0.8
Setting parameter "scale" to : 0.8
Setting parameter "scale" to : 0.8
Setting parameter "scale" to : 0.8
Setting parameter "scale" to : 0.8
Setting parameter "scale" to : 0.8
Setting parameter "scale" to : 0.8
Setting parameter "scale" to : 0.8
Setting parameter "scale" to : 0.8
Setting parameter "scale" to : 0.8
Setting parameter "scale" to : 0.8
Setting parameter "scale" to : 0.8
Setting parameter "scale" to : 0.8
Setting parameter "scale" to : 0.8
Setting parameter "scale" to : 0.8
Setting parameter "scale" to : 0.8
Setting parameter "scale" to : 0.8
Setting parameter "scale" to : 0.8
Setting parameter "scale" to : 0.8
Setting parameter "scale" to : 0.8
Setting parameter "scale" to : 0.8
Setting parameter "scale" to : 0.8
Setting parameter "scale" to : 0.8
Setting parameter "scale" to : 0.8

Reforming stiffness matrix: reformation #1

 1
 Nonlinear solution status: time= 0.8
	stiffness updates             = 0
	right hand side evaluations   = 2
	stiffness matrix reformations = 1
	step from line search         = 1.000000
	convergence norms :     INITIAL         CURRENT         REQUIRED
	   residual            6.952351e+08    1.633085e+05    0.000000e+00 
	   energy              2.518769e+06    4.229421e+03    2.518769e+04 
	   displacement        6.876700e+04    6.876700e+04    6.876700e-02 
 2
 Nonlinear solution status: time= 0.8
	stiffness updates             = 1
	right hand side evaluations   = 3
	stiffness matrix reformations = 1
	step from line search         = 1.000000
	convergence norms :     INITIAL         CURRENT         REQUIRED
	   residual            6.952351e+08    1.235328e+03    0.000000e+00 
	   energy              2.518769e+06    1.344493e+01    2.518769e+04 
	   displacement        6.876700e+04    9.038950e-01    6.882763e-02 
 3
 Nonlinear solution status: time= 0.8
	stiffness updates             = 2
	right hand side evaluations   = 4
	stiffness matrix reformations = 1
	step from line search         = 1.000000
	convergence norms :     INITIAL         CURRENT         REQUIRED
	   residual            6.952351e+08    7.905710e-01    0.000000e+00 
	   energy              2.518769e+06    1.432235e-03    2.518769e+04 
	   displacement        6.876700e+04    7.393250e-03    6.882112e-02 

convergence summary
    number of iterations   : 3
    number of reformations : 1

------- converged at time : 0.8


Data Record #1
===========================================================================
Step = 8
Time = 0.8
Data = x;y;z

Data Record #2
===========================================================================
Step = 8
Time = 0.8
Data = ux;uy;uz

Data Record #3
===========================================================================
Step = 8
Time = 0.8
Data = E1

===== beginning time step 9 : 0.9 =====

Setting parameter "scale" to : 0.9
Setting parameter "scale" to : 0.9
Setting parameter "scale" to : 0.9
Setting parameter "scale" to : 0.9
Setting parameter "scale" to : 0.9
Setting parameter "scale" to : 0.9
Setting parameter "scale" to : 0.9
Setting parameter "scale" to : 0.9
Setting parameter "scale" to : 0.9
Setting parameter "scale" to : 0.9
Setting parameter "scale" to : 0.9
Setting parameter "scale" to : 0.9
Setting parameter "scale" to : 0.9
Setting parameter "scale" to : 0.9
Setting parameter "scale" to : 0.9
Setting parameter "scale" to : 0.9
Setting parameter "scale" to : 0.9
Setting parameter "scale" to : 0.9
Setting parameter "scale" to : 0.9
Setting parameter "scale" to : 0.9
Setting parameter "scale" to : 0.9
Setting parameter "scale" to : 0.9
Setting parameter "scale" to : 0.9
Setting parameter "scale" to : 0.9
Setting parameter "scale" to : 0.9
Setting parameter "scale" to : 0.9
Setting parameter "scale" to : 0.9
Setting parameter "scale" to : 0.9
Setting parameter "scale" to : 0.9
Setting parameter "scale" to : 0.9
Setting parameter "scale" to : 0.9
Setting parameter "scale" to : 0.9
Setting parameter "scale" to : 0.9
Setting parameter "scale" to : 0.9
Setting parameter "scale" to : 0.9
Setting parameter "scale" to : 0.9
Setting parameter "scale" to : 0.9
Setting parameter "scale" to : 0.9
Setting parameter "scale" to : 0.9
Setting parameter "scale" to : 0.9
Setting parameter "scale" to : 0.9
Setting parameter "scale" to : 0.9
Setting parameter "scale" to : 0.9
Setting parameter "scale" to : 0.9
Setting parameter "scale" to : 0.9
Setting parameter "scale" to : 0.9
Setting parameter "scale" to : 0.9
Setting parameter "scale" to : 0.9
Setting parameter "scale" to : 0.9
Setting parameter "scale" to : 0.9
Setting parameter "scale" to : 0.9
Setting parameter "scale" to : 0.9
Setting parameter "scale" to : 0.9
Setting parameter "scale" to : 0.9
Setting parameter "scale" to : 0.9
Setting parameter "scale" to : 0.9
Setting parameter "scale" to : 0.9
Setting parameter "scale" to : 0.9
Setting parameter "scale" to : 0.9
Setting parameter "scale" to : 0.9
Setting parameter "scale" to : 0.9
Setting parameter "scale" to : 0.9
Setting parameter "scale" to : 0.9
Setting parameter "scale" to : 0.9

Reforming stiffness matrix: reformation #1

 1
 Nonlinear solution status: time= 0.9
	stiffness updates             = 0
	right hand side evaluations   = 2
	stiffness matrix reformations = 1
	step from line search         = 1.000000
	convergence norms :     INITIAL         CURRENT         REQUIRED
	   residual            6.818351e+08    1.747920e+05    0.000000e+00 
	   energy              2.406401e+06    4.060397e+03    2.406401e+04 
	   displacement        6.897024e+04    6.897024e+04    6.897024e-02 
 2
 Nonlinear solution status: time= 0.9
	stiffness updates             = 1
	right hand side evaluations   = 3
	stiffness matrix reformations = 1
	step from line search         = 1.000000
	convergence norms :     INITIAL         CURRENT         REQUIRED
	   residual            6.818351e+08    1.471927e+03    0.000000e+00 
	   energy              2.406401e+06    1.405663e+01    2.406401e+04 
	   displacement        6.897024e+04    6.773431e-01    6.902529e-02 
 3
 Nonlinear solution status: time= 0.9
	stiffness updates             = 2
	right hand side evaluations   = 4
	stiffness matrix reformations = 1
	step from line search         = 1.000000
	convergence norms :     INITIAL         CURRENT         REQUIRED
	   residual            6.818351e+08    9.004808e-01    0.000000e+00 
	   energy              2.406401e+06    2.590528e-03    2.406401e+04 
	   displacement        6.897024e+04    6.416240e-03    6.901845e-02 

convergence summary
    number of iterations   : 3
    number of reformations : 1

------- converged at time : 0.9


Data Record #1
===========================================================================
Step = 9
Time = 0.9
Data = x;y;z

Data Record #2
===========================================================================
Step = 9
Time = 0.9
Data = ux;uy;uz

Data Record #3
===========================================================================
Step = 9
Time = 0.9
Data = E1

===== beginning time step 10 : 1 =====

Setting parameter "scale" to : 1
Setting parameter "scale" to : 1
Setting parameter "scale" to : 1
Setting parameter "scale" to : 1
Setting parameter "scale" to : 1
Setting parameter "scale" to : 1
Setting parameter "scale" to : 1
Setting parameter "scale" to : 1
Setting parameter "scale" to : 1
Setting parameter "scale" to : 1
Setting parameter "scale" to : 1
Setting parameter "scale" to : 1
Setting parameter "scale" to : 1
Setting parameter "scale" to : 1
Setting parameter "scale" to : 1
Setting parameter "scale" to : 1
Setting parameter "scale" to : 1
Setting parameter "scale" to : 1
Setting parameter "scale" to : 1
Setting parameter "scale" to : 1
Setting parameter "scale" to : 1
Setting parameter "scale" to : 1
Setting parameter "scale" to : 1
Setting parameter "scale" to : 1
Setting parameter "scale" to : 1
Setting parameter "scale" to : 1
Setting parameter "scale" to : 1
Setting parameter "scale" to : 1
Setting parameter "scale" to : 1
Setting parameter "scale" to : 1
Setting parameter "scale" to : 1
Setting parameter "scale" to : 1
Setting parameter "scale" to : 1
Setting parameter "scale" to : 1
Setting parameter "scale" to : 1
Setting parameter "scale" to : 1
Setting parameter "scale" to : 1
Setting parameter "scale" to : 1
Setting parameter "scale" to : 1
Setting parameter "scale" to : 1
Setting parameter "scale" to : 1
Setting parameter "scale" to : 1
Setting parameter "scale" to : 1
Setting parameter "scale" to : 1
Setting parameter "scale" to : 1
Setting parameter "scale" to : 1
Setting parameter "scale" to : 1
Setting parameter "scale" to : 1
Setting parameter "scale" to : 1
Setting parameter "scale" to : 1
Setting parameter "scale" to : 1
Setting parameter "scale" to : 1
Setting parameter "scale" to : 1
Setting parameter "scale" to : 1
Setting parameter "scale" to : 1
Setting parameter "scale" to : 1
Setting parameter "scale" to : 1
Setting parameter "scale" to : 1
Setting parameter "scale" to : 1
Setting parameter "scale" to : 1
Setting parameter "scale" to : 1
Setting parameter "scale" to : 1
Setting parameter "scale" to : 1
Setting parameter "scale" to : 1

Reforming stiffness matrix: reformation #1

 1
 Nonlinear solution status: time= 1
	stiffness updates             = 0
	right hand side evaluations   = 2
	stiffness matrix reformations = 1
	step from line search         = 1.000000
	convergence norms :     INITIAL         CURRENT         REQUIRED
	   residual            6.756145e+08    1.869750e+05    0.000000e+00 
	   energy              2.312052e+06    3.905588e+03    2.312052e+04 
	   displacement        6.904739e+04    6.904739e+04    6.904739e-02 
 2
 Nonlinear solution status: time= 1
	stiffness updates             = 1
	right hand side evaluations   = 3
	stiffness matrix reformations = 1
	step from line search         = 1.000000
	convergence norms :     INITIAL         CURRENT         REQUIRED
	   residual            6.756145e+08    1.713065e+03    0.000000e+00 
	   energy              2.312052e+06    1.440811e+01    2.312052e+04 
	   displacement        6.904739e+04    4.928737e-01    6.910076e-02 
 3
 Nonlinear solution status: time= 1
	stiffness updates             = 2
	right hand side evaluations   = 4
	stiffness matrix reformations = 1
	step from line search         = 1.000000
	convergence norms :     INITIAL         CURRENT         REQUIRED
	   residual            6.756145e+08    9.931885e-01    0.000000e+00 
	   energy              2.312052e+06    2.985283e-03    2.312052e+04 
	   displacement        6.904739e+04    7.173127e-03    6.909426e-02 

convergence summary
    number of iterations   : 3
    number of reformations : 1

------- converged at time : 1


Data Record #1
===========================================================================
Step = 10
Time = 1
Data = x;y;z

Data Record #2
===========================================================================
Step = 10
Time = 1
Data = ux;uy;uz

Data Record #3
===========================================================================
Step = 10
Time = 1
Data = E1


 N O N L I N E A R   I T E R A T I O N   I N F O R M A T I O N

	Number of time steps completed .................... : 10

	Total number of equilibrium iterations ............ : 31

	Average number of equilibrium iterations .......... : 3.1

	Total number of right hand evaluations ............ : 41

	Total number of stiffness reformations ............ : 10


 L I N E A R   S O L V E R   S T A T S

	Total calls to linear solver ........ : 31

	Avg iterations per solve ............ : 1

	Time in linear solver: 0:00:00

 Peak memory  : 36.2 MB

 Elapsed time : 0:00:00

 T I M I N G   I N F O R M A T I O N

	Input time ...................... : 0:00:00 (0.01 sec)

	Initialization time ............. : 0:00:00 (0.005 sec)

	Solve time ...................... : 0:00:00 (0.475 sec)

	   IO-time (plot, dmp, data) .... : 0:00:00 (0.111 sec)

	   reforming stiffness .......... : 0:00:00 (0.002 sec)

	   evaluating stiffness ......... : 0:00:00 (0.019 sec)

	   evaluating residual .......... : 0:00:00 (0.001 sec)

	   model update ................. : 0:00:00 (0.016 sec)

	   QN updates ................... : 0:00:00 (0.001 sec)

	   time in linear solver ........ : 0:00:00 (0.288 sec)

	Total elapsed time .............. : 0:00:00 (0.49 sec)


 N O R M A L   T E R M I N A T I O N

