===========================================================================
         ________    _________   _______       __     _________            
        |        |\ |        |\ |       \\    |  |\  /         \\          
        |    ____|| |    ____|| |    __  ||   |__|| |    ___    ||         
        |   |\___\| |   |\___\| |   |\_| ||    \_\| |   //  \   ||         
        |   ||__    |   ||__    |   ||_| ||   |  |\ |  ||    |  ||         
        |       |\  |       |\  |         \\  |  || |  ||    |  ||         
        |    ___||  |    ___||  |    ___   || |  || |  ||    |  ||         
        |   |\__\|  |   |\__\|  |   |\__|  || |  || |  ||    |  ||         
        |   ||      |   ||___   |   ||__|  || |  || |   \\__/   ||         
        |   ||      |        |\ |          || |  || |           ||         
        |___||      |________|| |_________//  |__||  \_________//          
                                                                           
      F I N I T E   E L E M E N T S   F O R   B I O M E C H A N I C S      
                                                                           
  version 3.1.0
  FEBio is a registered trademark.                                         
  copyright (c) 2006-2020 - All rights reserved                            
                                                                           
===========================================================================


Setting parameter "scale" to : 0
Setting parameter "scale" to : 0
Setting parameter "scale" to : 0
Setting parameter "scale" to : 0
Setting parameter "scale" to : 0
Setting parameter "scale" to : 0
Setting parameter "scale" to : 0
Setting parameter "scale" to : 0
Setting parameter "scale" to : 0
Setting parameter "scale" to : 0
Setting parameter "scale" to : 0
Setting parameter "scale" to : 0
Setting parameter "scale" to : 0
Setting parameter "scale" to : 0
Setting parameter "scale" to : 0
Setting parameter "scale" to : 0
Setting parameter "scale" to : 0
Setting parameter "scale" to : 0
Setting parameter "scale" to : 0
Setting parameter "scale" to : 0
Setting parameter "scale" to : 0
Setting parameter "scale" to : 0
Setting parameter "scale" to : 0
Setting parameter "scale" to : 0
Setting parameter "scale" to : 0
Setting parameter "scale" to : 0
Setting parameter "scale" to : 0
Setting parameter "scale" to : 0
Setting parameter "scale" to : 0
Setting parameter "scale" to : 0
Setting parameter "scale" to : 0
Setting parameter "scale" to : 0
Setting parameter "scale" to : 0
Setting parameter "scale" to : 0
Setting parameter "scale" to : 0
Setting parameter "scale" to : 0
Setting parameter "scale" to : 0
Setting parameter "scale" to : 0
Setting parameter "scale" to : 0
Setting parameter "scale" to : 0
Setting parameter "scale" to : 0
Setting parameter "scale" to : 0
Setting parameter "scale" to : 0
Setting parameter "scale" to : 0
Setting parameter "scale" to : 0
Setting parameter "scale" to : 0
Setting parameter "scale" to : 0
Setting parameter "scale" to : 0
Setting parameter "scale" to : 0
Setting parameter "scale" to : 0
Setting parameter "scale" to : 0
Setting parameter "scale" to : 0
Setting parameter "scale" to : 0
Setting parameter "scale" to : 0
Setting parameter "scale" to : 0
Setting parameter "scale" to : 0
Setting parameter "scale" to : 0
Setting parameter "scale" to : 0
Setting parameter "scale" to : 0
Setting parameter "scale" to : 0
Setting parameter "scale" to : 0
Setting parameter "scale" to : 0
Setting parameter "scale" to : 0
Setting parameter "scale" to : 0



 FILES USED
===========================================================================
	Input file : t115_ctrl_tram_00_01_v2_hmf.feb
	Plot file  : t115_ctrl_tram_00_01_v2_hmf.xplt
	Log file   : t115_ctrl_tram_00_01_v2_hmf.log


 MESH INFO
===========================================================================
	Number of materials ............................ : 1
	Number of domains .............................. : 1
	Number of nodes ................................ : 836
	Number of solid elements ....................... : 576


 CONTROL DATA
===========================================================================
	Module type .................................... : solid
	Analysis type .................................. : quasi-static
	Number of timesteps ............................ : 10
	Time step size ................................. : 0.1
	Auto time stepper activated .................... : yes
	  Optimal nr of iterations ..................... : 10
	  Minimum allowable step size .................. : 0.01
	  Maximum allowable step size .................. : 0.1
	Number of load controllers ..................... : 64


 SOLVER PARAMETERS
===========================================================================
	symmetric_stiffness ............................... : 1
	equation_scheme ................................... : 0
	equation_order .................................... : 0
	optimize_bw ....................................... : 0
	lstol ............................................. : 0.9
	lsmin ............................................. : 0.01
	lsiter ............................................ : 5
	max_refs .......................................... : 15
	check_zero_diagonal ............................... : false
	zero_diagonal_tol ................................. : 0
	force_partition ................................... : 0
	reform_each_time_step ............................. : true
	reform_augment .................................... : false
	diverge_reform .................................... : true
	do_reforms ........................................ : true
	etol .............................................. : 0.01
	rtol .............................................. : 0
	min_residual ...................................... : 1e-20
	max_residual ...................................... : 0
	qnmethod .......................................... : 0
	max_ups ........................................... : 10
	qn_max_buffer_size ................................ : 0
	qn_cycle_buffer ................................... : true
	cmax .............................................. : 100000
	dtol .............................................. : 0.001
	rhoi .............................................. : 0
	alpha ............................................. : 1
	beta .............................................. : 0.25
	gamma ............................................. : 0.5
	logSolve .......................................... : false
	arc_length ........................................ : 0
	arc_length_scale .................................. : 0


 OUTPUT DATA
===========================================================================
	plot level ................................ : major iterations
	plotfile format ........................... : FEBIO
		Nodal Variables:
			displacement         (type = vec3f, format = NODE)
		Domain Variables:
			relative volume      (type = float, format = ITEM)
			stress               (type = mat3fs, format = ITEM)


 MATERIAL DATA
===========================================================================
  1 - Material1 (type: neo-Hookean)
	mat_axis .......................................... : (can't display value)
	density ........................................... : 1
	secant ............................................ : false
	E ................................................. : 10
	v ................................................. : 0.3


 BOUNDARY CONDITION DATA
===========================================================================
  1 -  Type: prescribe
	relative .......................................... : false
	scale ............................................. : -9.41742
	dof ............................................... : 0
---------------------------------------------------------------------------
  2 -  Type: prescribe
	relative .......................................... : false
	scale ............................................. : 12.5565
	dof ............................................... : 1
---------------------------------------------------------------------------
  3 -  Type: prescribe
	relative .......................................... : false
	scale ............................................. : -8.35959
	dof ............................................... : 0
---------------------------------------------------------------------------
  4 -  Type: prescribe
	relative .......................................... : false
	scale ............................................. : 15.1044
	dof ............................................... : 1
---------------------------------------------------------------------------
  5 -  Type: prescribe
	relative .......................................... : false
	scale ............................................. : -6.66782
	dof ............................................... : 0
---------------------------------------------------------------------------
  6 -  Type: prescribe
	relative .......................................... : false
	scale ............................................. : 14.4704
	dof ............................................... : 1
---------------------------------------------------------------------------
  7 -  Type: prescribe
	relative .......................................... : false
	scale ............................................. : -4.30961
	dof ............................................... : 0
---------------------------------------------------------------------------
  8 -  Type: prescribe
	relative .......................................... : false
	scale ............................................. : 12.1984
	dof ............................................... : 1
---------------------------------------------------------------------------
  9 -  Type: prescribe
	relative .......................................... : false
	scale ............................................. : -2.73922
	dof ............................................... : 0
---------------------------------------------------------------------------
 10 -  Type: prescribe
	relative .......................................... : false
	scale ............................................. : 7.79673
	dof ............................................... : 1
---------------------------------------------------------------------------
 11 -  Type: prescribe
	relative .......................................... : false
	scale ............................................. : -1.03818
	dof ............................................... : 0
---------------------------------------------------------------------------
 12 -  Type: prescribe
	relative .......................................... : false
	scale ............................................. : 10.3741
	dof ............................................... : 1
---------------------------------------------------------------------------
 13 -  Type: prescribe
	relative .......................................... : false
	scale ............................................. : 0.373545
	dof ............................................... : 0
---------------------------------------------------------------------------
 14 -  Type: prescribe
	relative .......................................... : false
	scale ............................................. : 6.00501
	dof ............................................... : 1
---------------------------------------------------------------------------
 15 -  Type: prescribe
	relative .......................................... : false
	scale ............................................. : 3.27008
	dof ............................................... : 0
---------------------------------------------------------------------------
 16 -  Type: prescribe
	relative .......................................... : false
	scale ............................................. : 3.31432
	dof ............................................... : 1
---------------------------------------------------------------------------
 17 -  Type: prescribe
	relative .......................................... : false
	scale ............................................. : 9.06693
	dof ............................................... : 0
---------------------------------------------------------------------------
 18 -  Type: prescribe
	relative .......................................... : false
	scale ............................................. : 1.36221
	dof ............................................... : 1
---------------------------------------------------------------------------
 19 -  Type: prescribe
	relative .......................................... : false
	scale ............................................. : 15.6933
	dof ............................................... : 0
---------------------------------------------------------------------------
 20 -  Type: prescribe
	relative .......................................... : false
	scale ............................................. : -6.25799
	dof ............................................... : 1
---------------------------------------------------------------------------
 21 -  Type: prescribe
	relative .......................................... : false
	scale ............................................. : 21.8497
	dof ............................................... : 0
---------------------------------------------------------------------------
 22 -  Type: prescribe
	relative .......................................... : false
	scale ............................................. : -12.0881
	dof ............................................... : 1
---------------------------------------------------------------------------
 23 -  Type: prescribe
	relative .......................................... : false
	scale ............................................. : 24.4209
	dof ............................................... : 0
---------------------------------------------------------------------------
 24 -  Type: prescribe
	relative .......................................... : false
	scale ............................................. : -14.1861
	dof ............................................... : 1
---------------------------------------------------------------------------
 25 -  Type: prescribe
	relative .......................................... : false
	scale ............................................. : 19.5122
	dof ............................................... : 0
---------------------------------------------------------------------------
 26 -  Type: prescribe
	relative .......................................... : false
	scale ............................................. : -15.3545
	dof ............................................... : 1
---------------------------------------------------------------------------
 27 -  Type: prescribe
	relative .......................................... : false
	scale ............................................. : 10.6268
	dof ............................................... : 0
---------------------------------------------------------------------------
 28 -  Type: prescribe
	relative .......................................... : false
	scale ............................................. : -16.7358
	dof ............................................... : 1
---------------------------------------------------------------------------
 29 -  Type: prescribe
	relative .......................................... : false
	scale ............................................. : -0.130041
	dof ............................................... : 0
---------------------------------------------------------------------------
 30 -  Type: prescribe
	relative .......................................... : false
	scale ............................................. : -21.1143
	dof ............................................... : 1
---------------------------------------------------------------------------
 31 -  Type: prescribe
	relative .......................................... : false
	scale ............................................. : -7.7694
	dof ............................................... : 0
---------------------------------------------------------------------------
 32 -  Type: prescribe
	relative .......................................... : false
	scale ............................................. : -25.88
	dof ............................................... : 1
---------------------------------------------------------------------------
 33 -  Type: prescribe
	relative .......................................... : false
	scale ............................................. : -9.7756
	dof ............................................... : 0
---------------------------------------------------------------------------
 34 -  Type: prescribe
	relative .......................................... : false
	scale ............................................. : -26.8862
	dof ............................................... : 1
---------------------------------------------------------------------------
 35 -  Type: prescribe
	relative .......................................... : false
	scale ............................................. : -6.96919
	dof ............................................... : 0
---------------------------------------------------------------------------
 36 -  Type: prescribe
	relative .......................................... : false
	scale ............................................. : -19.2733
	dof ............................................... : 1
---------------------------------------------------------------------------
 37 -  Type: prescribe
	relative .......................................... : false
	scale ............................................. : -3.40045
	dof ............................................... : 0
---------------------------------------------------------------------------
 38 -  Type: prescribe
	relative .......................................... : false
	scale ............................................. : -8.982
	dof ............................................... : 1
---------------------------------------------------------------------------
 39 -  Type: prescribe
	relative .......................................... : false
	scale ............................................. : -2.12009
	dof ............................................... : 0
---------------------------------------------------------------------------
 40 -  Type: prescribe
	relative .......................................... : false
	scale ............................................. : 1.23954
	dof ............................................... : 1
---------------------------------------------------------------------------
 41 -  Type: prescribe
	relative .......................................... : false
	scale ............................................. : -4.90081
	dof ............................................... : 0
---------------------------------------------------------------------------
 42 -  Type: prescribe
	relative .......................................... : false
	scale ............................................. : 5.63483
	dof ............................................... : 1
---------------------------------------------------------------------------
 43 -  Type: prescribe
	relative .......................................... : false
	scale ............................................. : -11.778
	dof ............................................... : 0
---------------------------------------------------------------------------
 44 -  Type: prescribe
	relative .......................................... : false
	scale ............................................. : 2.46645
	dof ............................................... : 1
---------------------------------------------------------------------------
 45 -  Type: prescribe
	relative .......................................... : false
	scale ............................................. : -20.4734
	dof ............................................... : 0
---------------------------------------------------------------------------
 46 -  Type: prescribe
	relative .......................................... : false
	scale ............................................. : -5.73484
	dof ............................................... : 1
---------------------------------------------------------------------------
 47 -  Type: prescribe
	relative .......................................... : false
	scale ............................................. : -32.9609
	dof ............................................... : 0
---------------------------------------------------------------------------
 48 -  Type: prescribe
	relative .......................................... : false
	scale ............................................. : -10.7871
	dof ............................................... : 1
---------------------------------------------------------------------------
 49 -  Type: prescribe
	relative .......................................... : false
	scale ............................................. : -40.0949
	dof ............................................... : 0
---------------------------------------------------------------------------
 50 -  Type: prescribe
	relative .......................................... : false
	scale ............................................. : -10.7374
	dof ............................................... : 1
---------------------------------------------------------------------------
 51 -  Type: prescribe
	relative .......................................... : false
	scale ............................................. : -42.2465
	dof ............................................... : 0
---------------------------------------------------------------------------
 52 -  Type: prescribe
	relative .......................................... : false
	scale ............................................. : -4.51659
	dof ............................................... : 1
---------------------------------------------------------------------------
 53 -  Type: prescribe
	relative .......................................... : false
	scale ............................................. : -37.2602
	dof ............................................... : 0
---------------------------------------------------------------------------
 54 -  Type: prescribe
	relative .......................................... : false
	scale ............................................. : 2.67829
	dof ............................................... : 1
---------------------------------------------------------------------------
 55 -  Type: prescribe
	relative .......................................... : false
	scale ............................................. : -26.9701
	dof ............................................... : 0
---------------------------------------------------------------------------
 56 -  Type: prescribe
	relative .......................................... : false
	scale ............................................. : 7.99917
	dof ............................................... : 1
---------------------------------------------------------------------------
 57 -  Type: prescribe
	relative .......................................... : false
	scale ............................................. : -16.9715
	dof ............................................... : 0
---------------------------------------------------------------------------
 58 -  Type: prescribe
	relative .......................................... : false
	scale ............................................. : 8.88596
	dof ............................................... : 1
---------------------------------------------------------------------------
 59 -  Type: prescribe
	relative .......................................... : false
	scale ............................................. : -10.9418
	dof ............................................... : 0
---------------------------------------------------------------------------
 60 -  Type: prescribe
	relative .......................................... : false
	scale ............................................. : 7.0997
	dof ............................................... : 1
---------------------------------------------------------------------------
 61 -  Type: prescribe
	relative .......................................... : false
	scale ............................................. : -7.93216
	dof ............................................... : 0
---------------------------------------------------------------------------
 62 -  Type: prescribe
	relative .......................................... : false
	scale ............................................. : 6.98248
	dof ............................................... : 1
---------------------------------------------------------------------------
 63 -  Type: prescribe
	relative .......................................... : false
	scale ............................................. : -8.88333
	dof ............................................... : 0
---------------------------------------------------------------------------
 64 -  Type: prescribe
	relative .......................................... : false
	scale ............................................. : 8.75019
	dof ............................................... : 1


 LINEAR SOLVER DATA
===========================================================================
	Solver type ....................................... : pardiso
	Matrix format ..................................... : symmetric


===== beginning time step 1 : 0.1 =====

Setting parameter "scale" to : 0.1
Setting parameter "scale" to : 0.1
Setting parameter "scale" to : 0.1
Setting parameter "scale" to : 0.1
Setting parameter "scale" to : 0.1
Setting parameter "scale" to : 0.1
Setting parameter "scale" to : 0.1
Setting parameter "scale" to : 0.1
Setting parameter "scale" to : 0.1
Setting parameter "scale" to : 0.1
Setting parameter "scale" to : 0.1
Setting parameter "scale" to : 0.1
Setting parameter "scale" to : 0.1
Setting parameter "scale" to : 0.1
Setting parameter "scale" to : 0.1
Setting parameter "scale" to : 0.1
Setting parameter "scale" to : 0.1
Setting parameter "scale" to : 0.1
Setting parameter "scale" to : 0.1
Setting parameter "scale" to : 0.1
Setting parameter "scale" to : 0.1
Setting parameter "scale" to : 0.1
Setting parameter "scale" to : 0.1
Setting parameter "scale" to : 0.1
Setting parameter "scale" to : 0.1
Setting parameter "scale" to : 0.1
Setting parameter "scale" to : 0.1
Setting parameter "scale" to : 0.1
Setting parameter "scale" to : 0.1
Setting parameter "scale" to : 0.1
Setting parameter "scale" to : 0.1
Setting parameter "scale" to : 0.1
Setting parameter "scale" to : 0.1
Setting parameter "scale" to : 0.1
Setting parameter "scale" to : 0.1
Setting parameter "scale" to : 0.1
Setting parameter "scale" to : 0.1
Setting parameter "scale" to : 0.1
Setting parameter "scale" to : 0.1
Setting parameter "scale" to : 0.1
Setting parameter "scale" to : 0.1
Setting parameter "scale" to : 0.1
Setting parameter "scale" to : 0.1
Setting parameter "scale" to : 0.1
Setting parameter "scale" to : 0.1
Setting parameter "scale" to : 0.1
Setting parameter "scale" to : 0.1
Setting parameter "scale" to : 0.1
Setting parameter "scale" to : 0.1
Setting parameter "scale" to : 0.1
Setting parameter "scale" to : 0.1
Setting parameter "scale" to : 0.1
Setting parameter "scale" to : 0.1
Setting parameter "scale" to : 0.1
Setting parameter "scale" to : 0.1
Setting parameter "scale" to : 0.1
Setting parameter "scale" to : 0.1
Setting parameter "scale" to : 0.1
Setting parameter "scale" to : 0.1
Setting parameter "scale" to : 0.1
Setting parameter "scale" to : 0.1
Setting parameter "scale" to : 0.1
Setting parameter "scale" to : 0.1
Setting parameter "scale" to : 0.1

Reforming stiffness matrix: reformation #1

===== reforming stiffness matrix:
	Nr of equations ........................... : 2508
	Nr of nonzeroes in stiffness matrix ....... : 81219
 1
 Nonlinear solution status: time= 0.1
	stiffness updates             = 0
	right hand side evaluations   = 2
	stiffness matrix reformations = 1
	step from line search         = 1.000000
	convergence norms :     INITIAL         CURRENT         REQUIRED
	   residual            2.286145e+07    8.831542e+01    0.000000e+00 
	   energy              8.426794e+04    2.023186e+01    8.426794e+02 
	   displacement        1.539031e+03    1.539031e+03    1.539031e-03 
 2
 Nonlinear solution status: time= 0.1
	stiffness updates             = 1
	right hand side evaluations   = 3
	stiffness matrix reformations = 1
	step from line search         = 1.000000
	convergence norms :     INITIAL         CURRENT         REQUIRED
	   residual            2.286145e+07    2.146989e-02    0.000000e+00 
	   energy              8.426794e+04    5.008573e-03    8.426794e+02 
	   displacement        1.539031e+03    1.892844e-02    1.535275e-03 
 3
 Nonlinear solution status: time= 0.1
	stiffness updates             = 2
	right hand side evaluations   = 4
	stiffness matrix reformations = 1
	step from line search         = 1.000000
	convergence norms :     INITIAL         CURRENT         REQUIRED
	   residual            2.286145e+07    1.172802e-05    0.000000e+00 
	   energy              8.426794e+04    1.327407e-06    8.426794e+02 
	   displacement        1.539031e+03    7.931005e-06    1.535163e-03 

convergence summary
    number of iterations   : 3
    number of reformations : 1

------- converged at time : 0.1


Data Record #1
===========================================================================
Step = 1
Time = 0.1
Data = x;y;z

Data Record #2
===========================================================================
Step = 1
Time = 0.1
Data = ux;uy;uz

Data Record #3
===========================================================================
Step = 1
Time = 0.1
Data = E1

===== beginning time step 2 : 0.2 =====

Setting parameter "scale" to : 0.2
Setting parameter "scale" to : 0.2
Setting parameter "scale" to : 0.2
Setting parameter "scale" to : 0.2
Setting parameter "scale" to : 0.2
Setting parameter "scale" to : 0.2
Setting parameter "scale" to : 0.2
Setting parameter "scale" to : 0.2
Setting parameter "scale" to : 0.2
Setting parameter "scale" to : 0.2
Setting parameter "scale" to : 0.2
Setting parameter "scale" to : 0.2
Setting parameter "scale" to : 0.2
Setting parameter "scale" to : 0.2
Setting parameter "scale" to : 0.2
Setting parameter "scale" to : 0.2
Setting parameter "scale" to : 0.2
Setting parameter "scale" to : 0.2
Setting parameter "scale" to : 0.2
Setting parameter "scale" to : 0.2
Setting parameter "scale" to : 0.2
Setting parameter "scale" to : 0.2
Setting parameter "scale" to : 0.2
Setting parameter "scale" to : 0.2
Setting parameter "scale" to : 0.2
Setting parameter "scale" to : 0.2
Setting parameter "scale" to : 0.2
Setting parameter "scale" to : 0.2
Setting parameter "scale" to : 0.2
Setting parameter "scale" to : 0.2
Setting parameter "scale" to : 0.2
Setting parameter "scale" to : 0.2
Setting parameter "scale" to : 0.2
Setting parameter "scale" to : 0.2
Setting parameter "scale" to : 0.2
Setting parameter "scale" to : 0.2
Setting parameter "scale" to : 0.2
Setting parameter "scale" to : 0.2
Setting parameter "scale" to : 0.2
Setting parameter "scale" to : 0.2
Setting parameter "scale" to : 0.2
Setting parameter "scale" to : 0.2
Setting parameter "scale" to : 0.2
Setting parameter "scale" to : 0.2
Setting parameter "scale" to : 0.2
Setting parameter "scale" to : 0.2
Setting parameter "scale" to : 0.2
Setting parameter "scale" to : 0.2
Setting parameter "scale" to : 0.2
Setting parameter "scale" to : 0.2
Setting parameter "scale" to : 0.2
Setting parameter "scale" to : 0.2
Setting parameter "scale" to : 0.2
Setting parameter "scale" to : 0.2
Setting parameter "scale" to : 0.2
Setting parameter "scale" to : 0.2
Setting parameter "scale" to : 0.2
Setting parameter "scale" to : 0.2
Setting parameter "scale" to : 0.2
Setting parameter "scale" to : 0.2
Setting parameter "scale" to : 0.2
Setting parameter "scale" to : 0.2
Setting parameter "scale" to : 0.2
Setting parameter "scale" to : 0.2

Reforming stiffness matrix: reformation #1

 1
 Nonlinear solution status: time= 0.2
	stiffness updates             = 0
	right hand side evaluations   = 2
	stiffness matrix reformations = 1
	step from line search         = 1.000000
	convergence norms :     INITIAL         CURRENT         REQUIRED
	   residual            2.198082e+07    8.372100e+01    0.000000e+00 
	   energy              8.211406e+04    2.342075e+01    8.211406e+02 
	   displacement        1.530387e+03    1.530387e+03    1.530387e-03 
 2
 Nonlinear solution status: time= 0.2
	stiffness updates             = 1
	right hand side evaluations   = 3
	stiffness matrix reformations = 1
	step from line search         = 1.000000
	convergence norms :     INITIAL         CURRENT         REQUIRED
	   residual            2.198082e+07    1.908953e-02    0.000000e+00 
	   energy              8.211406e+04    4.648217e-03    8.211406e+02 
	   displacement        1.530387e+03    1.832695e-02    1.526499e-03 
 3
 Nonlinear solution status: time= 0.2
	stiffness updates             = 2
	right hand side evaluations   = 4
	stiffness matrix reformations = 1
	step from line search         = 1.000000
	convergence norms :     INITIAL         CURRENT         REQUIRED
	   residual            2.198082e+07    9.645880e-06    0.000000e+00 
	   energy              8.211406e+04    1.087754e-06    8.211406e+02 
	   displacement        1.530387e+03    1.094478e-05    1.526377e-03 

convergence summary
    number of iterations   : 3
    number of reformations : 1

------- converged at time : 0.2


Data Record #1
===========================================================================
Step = 2
Time = 0.2
Data = x;y;z

Data Record #2
===========================================================================
Step = 2
Time = 0.2
Data = ux;uy;uz

Data Record #3
===========================================================================
Step = 2
Time = 0.2
Data = E1

===== beginning time step 3 : 0.3 =====

Setting parameter "scale" to : 0.3
Setting parameter "scale" to : 0.3
Setting parameter "scale" to : 0.3
Setting parameter "scale" to : 0.3
Setting parameter "scale" to : 0.3
Setting parameter "scale" to : 0.3
Setting parameter "scale" to : 0.3
Setting parameter "scale" to : 0.3
Setting parameter "scale" to : 0.3
Setting parameter "scale" to : 0.3
Setting parameter "scale" to : 0.3
Setting parameter "scale" to : 0.3
Setting parameter "scale" to : 0.3
Setting parameter "scale" to : 0.3
Setting parameter "scale" to : 0.3
Setting parameter "scale" to : 0.3
Setting parameter "scale" to : 0.3
Setting parameter "scale" to : 0.3
Setting parameter "scale" to : 0.3
Setting parameter "scale" to : 0.3
Setting parameter "scale" to : 0.3
Setting parameter "scale" to : 0.3
Setting parameter "scale" to : 0.3
Setting parameter "scale" to : 0.3
Setting parameter "scale" to : 0.3
Setting parameter "scale" to : 0.3
Setting parameter "scale" to : 0.3
Setting parameter "scale" to : 0.3
Setting parameter "scale" to : 0.3
Setting parameter "scale" to : 0.3
Setting parameter "scale" to : 0.3
Setting parameter "scale" to : 0.3
Setting parameter "scale" to : 0.3
Setting parameter "scale" to : 0.3
Setting parameter "scale" to : 0.3
Setting parameter "scale" to : 0.3
Setting parameter "scale" to : 0.3
Setting parameter "scale" to : 0.3
Setting parameter "scale" to : 0.3
Setting parameter "scale" to : 0.3
Setting parameter "scale" to : 0.3
Setting parameter "scale" to : 0.3
Setting parameter "scale" to : 0.3
Setting parameter "scale" to : 0.3
Setting parameter "scale" to : 0.3
Setting parameter "scale" to : 0.3
Setting parameter "scale" to : 0.3
Setting parameter "scale" to : 0.3
Setting parameter "scale" to : 0.3
Setting parameter "scale" to : 0.3
Setting parameter "scale" to : 0.3
Setting parameter "scale" to : 0.3
Setting parameter "scale" to : 0.3
Setting parameter "scale" to : 0.3
Setting parameter "scale" to : 0.3
Setting parameter "scale" to : 0.3
Setting parameter "scale" to : 0.3
Setting parameter "scale" to : 0.3
Setting parameter "scale" to : 0.3
Setting parameter "scale" to : 0.3
Setting parameter "scale" to : 0.3
Setting parameter "scale" to : 0.3
Setting parameter "scale" to : 0.3
Setting parameter "scale" to : 0.3

Reforming stiffness matrix: reformation #1

 1
 Nonlinear solution status: time= 0.3
	stiffness updates             = 0
	right hand side evaluations   = 2
	stiffness matrix reformations = 1
	step from line search         = 1.000000
	convergence norms :     INITIAL         CURRENT         REQUIRED
	   residual            2.115544e+07    7.964943e+01    0.000000e+00 
	   energy              8.003295e+04    2.630407e+01    8.003295e+02 
	   displacement        1.522892e+03    1.522892e+03    1.522892e-03 
 2
 Nonlinear solution status: time= 0.3
	stiffness updates             = 1
	right hand side evaluations   = 3
	stiffness matrix reformations = 1
	step from line search         = 1.000000
	convergence norms :     INITIAL         CURRENT         REQUIRED
	   residual            2.115544e+07    1.703021e-02    0.000000e+00 
	   energy              8.003295e+04    4.316371e-03    8.003295e+02 
	   displacement        1.522892e+03    1.754683e-02    1.518910e-03 
 3
 Nonlinear solution status: time= 0.3
	stiffness updates             = 2
	right hand side evaluations   = 4
	stiffness matrix reformations = 1
	step from line search         = 1.000000
	convergence norms :     INITIAL         CURRENT         REQUIRED
	   residual            2.115544e+07    7.962571e-06    0.000000e+00 
	   energy              8.003295e+04    8.899982e-07    8.003295e+02 
	   displacement        1.522892e+03    7.107405e-06    1.518800e-03 

convergence summary
    number of iterations   : 3
    number of reformations : 1

------- converged at time : 0.3


Data Record #1
===========================================================================
Step = 3
Time = 0.3
Data = x;y;z

Data Record #2
===========================================================================
Step = 3
Time = 0.3
Data = ux;uy;uz

Data Record #3
===========================================================================
Step = 3
Time = 0.3
Data = E1

===== beginning time step 4 : 0.4 =====

Setting parameter "scale" to : 0.4
Setting parameter "scale" to : 0.4
Setting parameter "scale" to : 0.4
Setting parameter "scale" to : 0.4
Setting parameter "scale" to : 0.4
Setting parameter "scale" to : 0.4
Setting parameter "scale" to : 0.4
Setting parameter "scale" to : 0.4
Setting parameter "scale" to : 0.4
Setting parameter "scale" to : 0.4
Setting parameter "scale" to : 0.4
Setting parameter "scale" to : 0.4
Setting parameter "scale" to : 0.4
Setting parameter "scale" to : 0.4
Setting parameter "scale" to : 0.4
Setting parameter "scale" to : 0.4
Setting parameter "scale" to : 0.4
Setting parameter "scale" to : 0.4
Setting parameter "scale" to : 0.4
Setting parameter "scale" to : 0.4
Setting parameter "scale" to : 0.4
Setting parameter "scale" to : 0.4
Setting parameter "scale" to : 0.4
Setting parameter "scale" to : 0.4
Setting parameter "scale" to : 0.4
Setting parameter "scale" to : 0.4
Setting parameter "scale" to : 0.4
Setting parameter "scale" to : 0.4
Setting parameter "scale" to : 0.4
Setting parameter "scale" to : 0.4
Setting parameter "scale" to : 0.4
Setting parameter "scale" to : 0.4
Setting parameter "scale" to : 0.4
Setting parameter "scale" to : 0.4
Setting parameter "scale" to : 0.4
Setting parameter "scale" to : 0.4
Setting parameter "scale" to : 0.4
Setting parameter "scale" to : 0.4
Setting parameter "scale" to : 0.4
Setting parameter "scale" to : 0.4
Setting parameter "scale" to : 0.4
Setting parameter "scale" to : 0.4
Setting parameter "scale" to : 0.4
Setting parameter "scale" to : 0.4
Setting parameter "scale" to : 0.4
Setting parameter "scale" to : 0.4
Setting parameter "scale" to : 0.4
Setting parameter "scale" to : 0.4
Setting parameter "scale" to : 0.4
Setting parameter "scale" to : 0.4
Setting parameter "scale" to : 0.4
Setting parameter "scale" to : 0.4
Setting parameter "scale" to : 0.4
Setting parameter "scale" to : 0.4
Setting parameter "scale" to : 0.4
Setting parameter "scale" to : 0.4
Setting parameter "scale" to : 0.4
Setting parameter "scale" to : 0.4
Setting parameter "scale" to : 0.4
Setting parameter "scale" to : 0.4
Setting parameter "scale" to : 0.4
Setting parameter "scale" to : 0.4
Setting parameter "scale" to : 0.4
Setting parameter "scale" to : 0.4

Reforming stiffness matrix: reformation #1

 1
 Nonlinear solution status: time= 0.4
	stiffness updates             = 0
	right hand side evaluations   = 2
	stiffness matrix reformations = 1
	step from line search         = 1.000000
	convergence norms :     INITIAL         CURRENT         REQUIRED
	   residual            2.038152e+07    7.604817e+01    0.000000e+00 
	   energy              7.802319e+04    2.889318e+01    7.802319e+02 
	   displacement        1.514346e+03    1.514346e+03    1.514346e-03 
 2
 Nonlinear solution status: time= 0.4
	stiffness updates             = 1
	right hand side evaluations   = 3
	stiffness matrix reformations = 1
	step from line search         = 1.000000
	convergence norms :     INITIAL         CURRENT         REQUIRED
	   residual            2.038152e+07    1.524760e-02    0.000000e+00 
	   energy              7.802319e+04    4.010136e-03    7.802319e+02 
	   displacement        1.514346e+03    1.712737e-02    1.510235e-03 
 3
 Nonlinear solution status: time= 0.4
	stiffness updates             = 2
	right hand side evaluations   = 4
	stiffness matrix reformations = 1
	step from line search         = 1.000000
	convergence norms :     INITIAL         CURRENT         REQUIRED
	   residual            2.038152e+07    6.608562e-06    0.000000e+00 
	   energy              7.802319e+04    7.275202e-07    7.802319e+02 
	   displacement        1.514346e+03    2.476076e-05    1.510148e-03 

convergence summary
    number of iterations   : 3
    number of reformations : 1

------- converged at time : 0.4


Data Record #1
===========================================================================
Step = 4
Time = 0.4
Data = x;y;z

Data Record #2
===========================================================================
Step = 4
Time = 0.4
Data = ux;uy;uz

Data Record #3
===========================================================================
Step = 4
Time = 0.4
Data = E1

===== beginning time step 5 : 0.5 =====

Setting parameter "scale" to : 0.5
Setting parameter "scale" to : 0.5
Setting parameter "scale" to : 0.5
Setting parameter "scale" to : 0.5
Setting parameter "scale" to : 0.5
Setting parameter "scale" to : 0.5
Setting parameter "scale" to : 0.5
Setting parameter "scale" to : 0.5
Setting parameter "scale" to : 0.5
Setting parameter "scale" to : 0.5
Setting parameter "scale" to : 0.5
Setting parameter "scale" to : 0.5
Setting parameter "scale" to : 0.5
Setting parameter "scale" to : 0.5
Setting parameter "scale" to : 0.5
Setting parameter "scale" to : 0.5
Setting parameter "scale" to : 0.5
Setting parameter "scale" to : 0.5
Setting parameter "scale" to : 0.5
Setting parameter "scale" to : 0.5
Setting parameter "scale" to : 0.5
Setting parameter "scale" to : 0.5
Setting parameter "scale" to : 0.5
Setting parameter "scale" to : 0.5
Setting parameter "scale" to : 0.5
Setting parameter "scale" to : 0.5
Setting parameter "scale" to : 0.5
Setting parameter "scale" to : 0.5
Setting parameter "scale" to : 0.5
Setting parameter "scale" to : 0.5
Setting parameter "scale" to : 0.5
Setting parameter "scale" to : 0.5
Setting parameter "scale" to : 0.5
Setting parameter "scale" to : 0.5
Setting parameter "scale" to : 0.5
Setting parameter "scale" to : 0.5
Setting parameter "scale" to : 0.5
Setting parameter "scale" to : 0.5
Setting parameter "scale" to : 0.5
Setting parameter "scale" to : 0.5
Setting parameter "scale" to : 0.5
Setting parameter "scale" to : 0.5
Setting parameter "scale" to : 0.5
Setting parameter "scale" to : 0.5
Setting parameter "scale" to : 0.5
Setting parameter "scale" to : 0.5
Setting parameter "scale" to : 0.5
Setting parameter "scale" to : 0.5
Setting parameter "scale" to : 0.5
Setting parameter "scale" to : 0.5
Setting parameter "scale" to : 0.5
Setting parameter "scale" to : 0.5
Setting parameter "scale" to : 0.5
Setting parameter "scale" to : 0.5
Setting parameter "scale" to : 0.5
Setting parameter "scale" to : 0.5
Setting parameter "scale" to : 0.5
Setting parameter "scale" to : 0.5
Setting parameter "scale" to : 0.5
Setting parameter "scale" to : 0.5
Setting parameter "scale" to : 0.5
Setting parameter "scale" to : 0.5
Setting parameter "scale" to : 0.5
Setting parameter "scale" to : 0.5

Reforming stiffness matrix: reformation #1

 1
 Nonlinear solution status: time= 0.5
	stiffness updates             = 0
	right hand side evaluations   = 2
	stiffness matrix reformations = 1
	step from line search         = 1.000000
	convergence norms :     INITIAL         CURRENT         REQUIRED
	   residual            1.965556e+07    7.287095e+01    0.000000e+00 
	   energy              7.608343e+04    3.119942e+01    7.608343e+02 
	   displacement        1.506482e+03    1.506482e+03    1.506482e-03 
 2
 Nonlinear solution status: time= 0.5
	stiffness updates             = 1
	right hand side evaluations   = 3
	stiffness matrix reformations = 1
	step from line search         = 1.000000
	convergence norms :     INITIAL         CURRENT         REQUIRED
	   residual            1.965556e+07    1.370112e-02    0.000000e+00 
	   energy              7.608343e+04    3.726571e-03    7.608343e+02 
	   displacement        1.506482e+03    1.641242e-02    1.502299e-03 
 3
 Nonlinear solution status: time= 0.5
	stiffness updates             = 2
	right hand side evaluations   = 4
	stiffness matrix reformations = 1
	step from line search         = 1.000000
	convergence norms :     INITIAL         CURRENT         REQUIRED
	   residual            1.965556e+07    5.523309e-06    0.000000e+00 
	   energy              7.608343e+04    5.943886e-07    7.608343e+02 
	   displacement        1.506482e+03    7.792770e-06    1.502179e-03 

convergence summary
    number of iterations   : 3
    number of reformations : 1

------- converged at time : 0.5


Data Record #1
===========================================================================
Step = 5
Time = 0.5
Data = x;y;z

Data Record #2
===========================================================================
Step = 5
Time = 0.5
Data = ux;uy;uz

Data Record #3
===========================================================================
Step = 5
Time = 0.5
Data = E1

===== beginning time step 6 : 0.6 =====

Setting parameter "scale" to : 0.6
Setting parameter "scale" to : 0.6
Setting parameter "scale" to : 0.6
Setting parameter "scale" to : 0.6
Setting parameter "scale" to : 0.6
Setting parameter "scale" to : 0.6
Setting parameter "scale" to : 0.6
Setting parameter "scale" to : 0.6
Setting parameter "scale" to : 0.6
Setting parameter "scale" to : 0.6
Setting parameter "scale" to : 0.6
Setting parameter "scale" to : 0.6
Setting parameter "scale" to : 0.6
Setting parameter "scale" to : 0.6
Setting parameter "scale" to : 0.6
Setting parameter "scale" to : 0.6
Setting parameter "scale" to : 0.6
Setting parameter "scale" to : 0.6
Setting parameter "scale" to : 0.6
Setting parameter "scale" to : 0.6
Setting parameter "scale" to : 0.6
Setting parameter "scale" to : 0.6
Setting parameter "scale" to : 0.6
Setting parameter "scale" to : 0.6
Setting parameter "scale" to : 0.6
Setting parameter "scale" to : 0.6
Setting parameter "scale" to : 0.6
Setting parameter "scale" to : 0.6
Setting parameter "scale" to : 0.6
Setting parameter "scale" to : 0.6
Setting parameter "scale" to : 0.6
Setting parameter "scale" to : 0.6
Setting parameter "scale" to : 0.6
Setting parameter "scale" to : 0.6
Setting parameter "scale" to : 0.6
Setting parameter "scale" to : 0.6
Setting parameter "scale" to : 0.6
Setting parameter "scale" to : 0.6
Setting parameter "scale" to : 0.6
Setting parameter "scale" to : 0.6
Setting parameter "scale" to : 0.6
Setting parameter "scale" to : 0.6
Setting parameter "scale" to : 0.6
Setting parameter "scale" to : 0.6
Setting parameter "scale" to : 0.6
Setting parameter "scale" to : 0.6
Setting parameter "scale" to : 0.6
Setting parameter "scale" to : 0.6
Setting parameter "scale" to : 0.6
Setting parameter "scale" to : 0.6
Setting parameter "scale" to : 0.6
Setting parameter "scale" to : 0.6
Setting parameter "scale" to : 0.6
Setting parameter "scale" to : 0.6
Setting parameter "scale" to : 0.6
Setting parameter "scale" to : 0.6
Setting parameter "scale" to : 0.6
Setting parameter "scale" to : 0.6
Setting parameter "scale" to : 0.6
Setting parameter "scale" to : 0.6
Setting parameter "scale" to : 0.6
Setting parameter "scale" to : 0.6
Setting parameter "scale" to : 0.6
Setting parameter "scale" to : 0.6

Reforming stiffness matrix: reformation #1

 1
 Nonlinear solution status: time= 0.6
	stiffness updates             = 0
	right hand side evaluations   = 2
	stiffness matrix reformations = 1
	step from line search         = 1.000000
	convergence norms :     INITIAL         CURRENT         REQUIRED
	   residual            1.897436e+07    7.007726e+01    0.000000e+00 
	   energy              7.421226e+04    3.323431e+01    7.421226e+02 
	   displacement        1.495829e+03    1.495829e+03    1.495829e-03 
 2
 Nonlinear solution status: time= 0.6
	stiffness updates             = 1
	right hand side evaluations   = 3
	stiffness matrix reformations = 1
	step from line search         = 1.000000
	convergence norms :     INITIAL         CURRENT         REQUIRED
	   residual            1.897436e+07    1.235495e-02    0.000000e+00 
	   energy              7.421226e+04    3.462882e-03    7.421226e+02 
	   displacement        1.495829e+03    1.607989e-02    1.491554e-03 
 3
 Nonlinear solution status: time= 0.6
	stiffness updates             = 2
	right hand side evaluations   = 4
	stiffness matrix reformations = 1
	step from line search         = 1.000000
	convergence norms :     INITIAL         CURRENT         REQUIRED
	   residual            1.897436e+07    4.655269e-06    0.000000e+00 
	   energy              7.421226e+04    4.854031e-07    7.421226e+02 
	   displacement        1.495829e+03    3.330239e-05    1.491414e-03 

convergence summary
    number of iterations   : 3
    number of reformations : 1

------- converged at time : 0.6


Data Record #1
===========================================================================
Step = 6
Time = 0.6
Data = x;y;z

Data Record #2
===========================================================================
Step = 6
Time = 0.6
Data = ux;uy;uz

Data Record #3
===========================================================================
Step = 6
Time = 0.6
Data = E1

===== beginning time step 7 : 0.7 =====

Setting parameter "scale" to : 0.7
Setting parameter "scale" to : 0.7
Setting parameter "scale" to : 0.7
Setting parameter "scale" to : 0.7
Setting parameter "scale" to : 0.7
Setting parameter "scale" to : 0.7
Setting parameter "scale" to : 0.7
Setting parameter "scale" to : 0.7
Setting parameter "scale" to : 0.7
Setting parameter "scale" to : 0.7
Setting parameter "scale" to : 0.7
Setting parameter "scale" to : 0.7
Setting parameter "scale" to : 0.7
Setting parameter "scale" to : 0.7
Setting parameter "scale" to : 0.7
Setting parameter "scale" to : 0.7
Setting parameter "scale" to : 0.7
Setting parameter "scale" to : 0.7
Setting parameter "scale" to : 0.7
Setting parameter "scale" to : 0.7
Setting parameter "scale" to : 0.7
Setting parameter "scale" to : 0.7
Setting parameter "scale" to : 0.7
Setting parameter "scale" to : 0.7
Setting parameter "scale" to : 0.7
Setting parameter "scale" to : 0.7
Setting parameter "scale" to : 0.7
Setting parameter "scale" to : 0.7
Setting parameter "scale" to : 0.7
Setting parameter "scale" to : 0.7
Setting parameter "scale" to : 0.7
Setting parameter "scale" to : 0.7
Setting parameter "scale" to : 0.7
Setting parameter "scale" to : 0.7
Setting parameter "scale" to : 0.7
Setting parameter "scale" to : 0.7
Setting parameter "scale" to : 0.7
Setting parameter "scale" to : 0.7
Setting parameter "scale" to : 0.7
Setting parameter "scale" to : 0.7
Setting parameter "scale" to : 0.7
Setting parameter "scale" to : 0.7
Setting parameter "scale" to : 0.7
Setting parameter "scale" to : 0.7
Setting parameter "scale" to : 0.7
Setting parameter "scale" to : 0.7
Setting parameter "scale" to : 0.7
Setting parameter "scale" to : 0.7
Setting parameter "scale" to : 0.7
Setting parameter "scale" to : 0.7
Setting parameter "scale" to : 0.7
Setting parameter "scale" to : 0.7
Setting parameter "scale" to : 0.7
Setting parameter "scale" to : 0.7
Setting parameter "scale" to : 0.7
Setting parameter "scale" to : 0.7
Setting parameter "scale" to : 0.7
Setting parameter "scale" to : 0.7
Setting parameter "scale" to : 0.7
Setting parameter "scale" to : 0.7
Setting parameter "scale" to : 0.7
Setting parameter "scale" to : 0.7
Setting parameter "scale" to : 0.7
Setting parameter "scale" to : 0.7

Reforming stiffness matrix: reformation #1

 1
 Nonlinear solution status: time= 0.7
	stiffness updates             = 0
	right hand side evaluations   = 2
	stiffness matrix reformations = 1
	step from line search         = 1.000000
	convergence norms :     INITIAL         CURRENT         REQUIRED
	   residual            1.833493e+07    6.763155e+01    0.000000e+00 
	   energy              7.240832e+04    3.500958e+01    7.240832e+02 
	   displacement        1.487656e+03    1.487656e+03    1.487656e-03 
 2
 Nonlinear solution status: time= 0.7
	stiffness updates             = 1
	right hand side evaluations   = 3
	stiffness matrix reformations = 1
	step from line search         = 1.000000
	convergence norms :     INITIAL         CURRENT         REQUIRED
	   residual            1.833493e+07    1.117810e-02    0.000000e+00 
	   energy              7.240832e+04    3.216455e-03    7.240832e+02 
	   displacement        1.487656e+03    1.506946e-02    1.483394e-03 
 3
 Nonlinear solution status: time= 0.7
	stiffness updates             = 2
	right hand side evaluations   = 4
	stiffness matrix reformations = 1
	step from line search         = 1.000000
	convergence norms :     INITIAL         CURRENT         REQUIRED
	   residual            1.833493e+07    3.961300e-06    0.000000e+00 
	   energy              7.240832e+04    3.960719e-07    7.240832e+02 
	   displacement        1.487656e+03    6.146459e-06    1.483279e-03 

convergence summary
    number of iterations   : 3
    number of reformations : 1

------- converged at time : 0.7


Data Record #1
===========================================================================
Step = 7
Time = 0.7
Data = x;y;z

Data Record #2
===========================================================================
Step = 7
Time = 0.7
Data = ux;uy;uz

Data Record #3
===========================================================================
Step = 7
Time = 0.7
Data = E1

===== beginning time step 8 : 0.8 =====

Setting parameter "scale" to : 0.8
Setting parameter "scale" to : 0.8
Setting parameter "scale" to : 0.8
Setting parameter "scale" to : 0.8
Setting parameter "scale" to : 0.8
Setting parameter "scale" to : 0.8
Setting parameter "scale" to : 0.8
Setting parameter "scale" to : 0.8
Setting parameter "scale" to : 0.8
Setting parameter "scale" to : 0.8
Setting parameter "scale" to : 0.8
Setting parameter "scale" to : 0.8
Setting parameter "scale" to : 0.8
Setting parameter "scale" to : 0.8
Setting parameter "scale" to : 0.8
Setting parameter "scale" to : 0.8
Setting parameter "scale" to : 0.8
Setting parameter "scale" to : 0.8
Setting parameter "scale" to : 0.8
Setting parameter "scale" to : 0.8
Setting parameter "scale" to : 0.8
Setting parameter "scale" to : 0.8
Setting parameter "scale" to : 0.8
Setting parameter "scale" to : 0.8
Setting parameter "scale" to : 0.8
Setting parameter "scale" to : 0.8
Setting parameter "scale" to : 0.8
Setting parameter "scale" to : 0.8
Setting parameter "scale" to : 0.8
Setting parameter "scale" to : 0.8
Setting parameter "scale" to : 0.8
Setting parameter "scale" to : 0.8
Setting parameter "scale" to : 0.8
Setting parameter "scale" to : 0.8
Setting parameter "scale" to : 0.8
Setting parameter "scale" to : 0.8
Setting parameter "scale" to : 0.8
Setting parameter "scale" to : 0.8
Setting parameter "scale" to : 0.8
Setting parameter "scale" to : 0.8
Setting parameter "scale" to : 0.8
Setting parameter "scale" to : 0.8
Setting parameter "scale" to : 0.8
Setting parameter "scale" to : 0.8
Setting parameter "scale" to : 0.8
Setting parameter "scale" to : 0.8
Setting parameter "scale" to : 0.8
Setting parameter "scale" to : 0.8
Setting parameter "scale" to : 0.8
Setting parameter "scale" to : 0.8
Setting parameter "scale" to : 0.8
Setting parameter "scale" to : 0.8
Setting parameter "scale" to : 0.8
Setting parameter "scale" to : 0.8
Setting parameter "scale" to : 0.8
Setting parameter "scale" to : 0.8
Setting parameter "scale" to : 0.8
Setting parameter "scale" to : 0.8
Setting parameter "scale" to : 0.8
Setting parameter "scale" to : 0.8
Setting parameter "scale" to : 0.8
Setting parameter "scale" to : 0.8
Setting parameter "scale" to : 0.8
Setting parameter "scale" to : 0.8

Reforming stiffness matrix: reformation #1

 1
 Nonlinear solution status: time= 0.8
	stiffness updates             = 0
	right hand side evaluations   = 2
	stiffness matrix reformations = 1
	step from line search         = 1.000000
	convergence norms :     INITIAL         CURRENT         REQUIRED
	   residual            1.773456e+07    6.550242e+01    0.000000e+00 
	   energy              7.067019e+04    3.653727e+01    7.067019e+02 
	   displacement        1.480489e+03    1.480489e+03    1.480489e-03 
 2
 Nonlinear solution status: time= 0.8
	stiffness updates             = 1
	right hand side evaluations   = 3
	stiffness matrix reformations = 1
	step from line search         = 1.000000
	convergence norms :     INITIAL         CURRENT         REQUIRED
	   residual            1.773456e+07    1.014436e-02    0.000000e+00 
	   energy              7.067019e+04    2.984900e-03    7.067019e+02 
	   displacement        1.480489e+03    1.467299e-02    1.476139e-03 
 3
 Nonlinear solution status: time= 0.8
	stiffness updates             = 2
	right hand side evaluations   = 4
	stiffness matrix reformations = 1
	step from line search         = 1.000000
	convergence norms :     INITIAL         CURRENT         REQUIRED
	   residual            1.773456e+07    3.405948e-06    0.000000e+00 
	   energy              7.067019e+04    3.225772e-07    7.067019e+02 
	   displacement        1.480489e+03    5.252552e-06    1.476030e-03 

convergence summary
    number of iterations   : 3
    number of reformations : 1

------- converged at time : 0.8


Data Record #1
===========================================================================
Step = 8
Time = 0.8
Data = x;y;z

Data Record #2
===========================================================================
Step = 8
Time = 0.8
Data = ux;uy;uz

Data Record #3
===========================================================================
Step = 8
Time = 0.8
Data = E1

===== beginning time step 9 : 0.9 =====

Setting parameter "scale" to : 0.9
Setting parameter "scale" to : 0.9
Setting parameter "scale" to : 0.9
Setting parameter "scale" to : 0.9
Setting parameter "scale" to : 0.9
Setting parameter "scale" to : 0.9
Setting parameter "scale" to : 0.9
Setting parameter "scale" to : 0.9
Setting parameter "scale" to : 0.9
Setting parameter "scale" to : 0.9
Setting parameter "scale" to : 0.9
Setting parameter "scale" to : 0.9
Setting parameter "scale" to : 0.9
Setting parameter "scale" to : 0.9
Setting parameter "scale" to : 0.9
Setting parameter "scale" to : 0.9
Setting parameter "scale" to : 0.9
Setting parameter "scale" to : 0.9
Setting parameter "scale" to : 0.9
Setting parameter "scale" to : 0.9
Setting parameter "scale" to : 0.9
Setting parameter "scale" to : 0.9
Setting parameter "scale" to : 0.9
Setting parameter "scale" to : 0.9
Setting parameter "scale" to : 0.9
Setting parameter "scale" to : 0.9
Setting parameter "scale" to : 0.9
Setting parameter "scale" to : 0.9
Setting parameter "scale" to : 0.9
Setting parameter "scale" to : 0.9
Setting parameter "scale" to : 0.9
Setting parameter "scale" to : 0.9
Setting parameter "scale" to : 0.9
Setting parameter "scale" to : 0.9
Setting parameter "scale" to : 0.9
Setting parameter "scale" to : 0.9
Setting parameter "scale" to : 0.9
Setting parameter "scale" to : 0.9
Setting parameter "scale" to : 0.9
Setting parameter "scale" to : 0.9
Setting parameter "scale" to : 0.9
Setting parameter "scale" to : 0.9
Setting parameter "scale" to : 0.9
Setting parameter "scale" to : 0.9
Setting parameter "scale" to : 0.9
Setting parameter "scale" to : 0.9
Setting parameter "scale" to : 0.9
Setting parameter "scale" to : 0.9
Setting parameter "scale" to : 0.9
Setting parameter "scale" to : 0.9
Setting parameter "scale" to : 0.9
Setting parameter "scale" to : 0.9
Setting parameter "scale" to : 0.9
Setting parameter "scale" to : 0.9
Setting parameter "scale" to : 0.9
Setting parameter "scale" to : 0.9
Setting parameter "scale" to : 0.9
Setting parameter "scale" to : 0.9
Setting parameter "scale" to : 0.9
Setting parameter "scale" to : 0.9
Setting parameter "scale" to : 0.9
Setting parameter "scale" to : 0.9
Setting parameter "scale" to : 0.9
Setting parameter "scale" to : 0.9

Reforming stiffness matrix: reformation #1

 1
 Nonlinear solution status: time= 0.9
	stiffness updates             = 0
	right hand side evaluations   = 2
	stiffness matrix reformations = 1
	step from line search         = 1.000000
	convergence norms :     INITIAL         CURRENT         REQUIRED
	   residual            1.717071e+07    6.366205e+01    0.000000e+00 
	   energy              6.899645e+04    3.782975e+01    6.899645e+02 
	   displacement        1.471208e+03    1.471208e+03    1.471208e-03 
 2
 Nonlinear solution status: time= 0.9
	stiffness updates             = 1
	right hand side evaluations   = 3
	stiffness matrix reformations = 1
	step from line search         = 1.000000
	convergence norms :     INITIAL         CURRENT         REQUIRED
	   residual            1.717071e+07    9.232185e-03    0.000000e+00 
	   energy              6.899645e+04    2.766076e-03    6.899645e+02 
	   displacement        1.471208e+03    1.470524e-02    1.466749e-03 
 3
 Nonlinear solution status: time= 0.9
	stiffness updates             = 2
	right hand side evaluations   = 4
	stiffness matrix reformations = 1
	step from line search         = 1.000000
	convergence norms :     INITIAL         CURRENT         REQUIRED
	   residual            1.717071e+07    2.960631e-06    0.000000e+00 
	   energy              6.899645e+04    2.617301e-07    6.899645e+02 
	   displacement        1.471208e+03    3.703524e-05    1.466674e-03 

convergence summary
    number of iterations   : 3
    number of reformations : 1

------- converged at time : 0.9


Data Record #1
===========================================================================
Step = 9
Time = 0.9
Data = x;y;z

Data Record #2
===========================================================================
Step = 9
Time = 0.9
Data = ux;uy;uz

Data Record #3
===========================================================================
Step = 9
Time = 0.9
Data = E1

===== beginning time step 10 : 1 =====

Setting parameter "scale" to : 1
Setting parameter "scale" to : 1
Setting parameter "scale" to : 1
Setting parameter "scale" to : 1
Setting parameter "scale" to : 1
Setting parameter "scale" to : 1
Setting parameter "scale" to : 1
Setting parameter "scale" to : 1
Setting parameter "scale" to : 1
Setting parameter "scale" to : 1
Setting parameter "scale" to : 1
Setting parameter "scale" to : 1
Setting parameter "scale" to : 1
Setting parameter "scale" to : 1
Setting parameter "scale" to : 1
Setting parameter "scale" to : 1
Setting parameter "scale" to : 1
Setting parameter "scale" to : 1
Setting parameter "scale" to : 1
Setting parameter "scale" to : 1
Setting parameter "scale" to : 1
Setting parameter "scale" to : 1
Setting parameter "scale" to : 1
Setting parameter "scale" to : 1
Setting parameter "scale" to : 1
Setting parameter "scale" to : 1
Setting parameter "scale" to : 1
Setting parameter "scale" to : 1
Setting parameter "scale" to : 1
Setting parameter "scale" to : 1
Setting parameter "scale" to : 1
Setting parameter "scale" to : 1
Setting parameter "scale" to : 1
Setting parameter "scale" to : 1
Setting parameter "scale" to : 1
Setting parameter "scale" to : 1
Setting parameter "scale" to : 1
Setting parameter "scale" to : 1
Setting parameter "scale" to : 1
Setting parameter "scale" to : 1
Setting parameter "scale" to : 1
Setting parameter "scale" to : 1
Setting parameter "scale" to : 1
Setting parameter "scale" to : 1
Setting parameter "scale" to : 1
Setting parameter "scale" to : 1
Setting parameter "scale" to : 1
Setting parameter "scale" to : 1
Setting parameter "scale" to : 1
Setting parameter "scale" to : 1
Setting parameter "scale" to : 1
Setting parameter "scale" to : 1
Setting parameter "scale" to : 1
Setting parameter "scale" to : 1
Setting parameter "scale" to : 1
Setting parameter "scale" to : 1
Setting parameter "scale" to : 1
Setting parameter "scale" to : 1
Setting parameter "scale" to : 1
Setting parameter "scale" to : 1
Setting parameter "scale" to : 1
Setting parameter "scale" to : 1
Setting parameter "scale" to : 1
Setting parameter "scale" to : 1

Reforming stiffness matrix: reformation #1

 1
 Nonlinear solution status: time= 1
	stiffness updates             = 0
	right hand side evaluations   = 2
	stiffness matrix reformations = 1
	step from line search         = 1.000000
	convergence norms :     INITIAL         CURRENT         REQUIRED
	   residual            1.664103e+07    6.208568e+01    0.000000e+00 
	   energy              6.738566e+04    3.889970e+01    6.738566e+02 
	   displacement        1.461968e+03    1.461968e+03    1.461968e-03 
 2
 Nonlinear solution status: time= 1
	stiffness updates             = 1
	right hand side evaluations   = 3
	stiffness matrix reformations = 1
	step from line search         = 1.000000
	convergence norms :     INITIAL         CURRENT         REQUIRED
	   residual            1.664103e+07    8.424452e-03    0.000000e+00 
	   energy              6.738566e+04    2.558119e-03    6.738566e+02 
	   displacement        1.461968e+03    1.388685e-02    1.457529e-03 
 3
 Nonlinear solution status: time= 1
	stiffness updates             = 2
	right hand side evaluations   = 4
	stiffness matrix reformations = 1
	step from line search         = 1.000000
	convergence norms :     INITIAL         CURRENT         REQUIRED
	   residual            1.664103e+07    2.602754e-06    0.000000e+00 
	   energy              6.738566e+04    2.109123e-07    6.738566e+02 
	   displacement        1.461968e+03    2.475510e-04    1.457334e-03 

convergence summary
    number of iterations   : 3
    number of reformations : 1

------- converged at time : 1


Data Record #1
===========================================================================
Step = 10
Time = 1
Data = x;y;z

Data Record #2
===========================================================================
Step = 10
Time = 1
Data = ux;uy;uz

Data Record #3
===========================================================================
Step = 10
Time = 1
Data = E1


 N O N L I N E A R   I T E R A T I O N   I N F O R M A T I O N

	Number of time steps completed .................... : 10

	Total number of equilibrium iterations ............ : 30

	Average number of equilibrium iterations .......... : 3

	Total number of right hand evaluations ............ : 40

	Total number of stiffness reformations ............ : 10


 L I N E A R   S O L V E R   S T A T S

	Total calls to linear solver ........ : 30

	Avg iterations per solve ............ : 1

	Time in linear solver: 0:00:00

 Peak memory  : 36.2 MB

 Elapsed time : 0:00:00

 T I M I N G   I N F O R M A T I O N

	Input time ...................... : 0:00:00 (0.013 sec)

	Initialization time ............. : 0:00:00 (0.002 sec)

	Solve time ...................... : 0:00:00 (0.456 sec)

	   IO-time (plot, dmp, data) .... : 0:00:00 (0.106 sec)

	   reforming stiffness .......... : 0:00:00 (0.002 sec)

	   evaluating stiffness ......... : 0:00:00 (0.016 sec)

	   evaluating residual .......... : 0:00:00 (0.002 sec)

	   model update ................. : 0:00:00 (0.014 sec)

	   QN updates ................... : 0:00:00 (0 sec)

	   time in linear solver ........ : 0:00:00 (0.28 sec)

	Total elapsed time .............. : 0:00:00 (0.471 sec)


 N O R M A L   T E R M I N A T I O N

